
AVRASM ver. 2.1.30  D:\UNDONE WORK\Viscometer\Program\List\Viscometer.asm Wed Dec 19 21:05:27 2012

D:\UNDONE WORK\Viscometer\Program\List\Viscometer.asm(1057): warning: Register r4 already defined by the .DEF directive
D:\UNDONE WORK\Viscometer\Program\List\Viscometer.asm(1058): warning: Register r7 already defined by the .DEF directive
D:\UNDONE WORK\Viscometer\Program\List\Viscometer.asm(1059): warning: Register r6 already defined by the .DEF directive
D:\UNDONE WORK\Viscometer\Program\List\Viscometer.asm(1060): warning: Register r9 already defined by the .DEF directive
                 
                 
                 ;CodeVisionAVR C Compiler V2.05.0 Professional
                 ;(C) Copyright 1998-2010 Pavel Haiduc, HP InfoTech s.r.l.
                 ;http://www.hpinfotech.com
                 
                 ;Chip type                : ATmega8535
                 ;Program type             : Application
                 ;Clock frequency          : 16.000000 MHz
                 ;Memory model             : Small
                 ;Optimize for             : Size
                 ;(s)printf features       : int, width
                 ;(s)scanf features        : int, width
                 ;External RAM size        : 0
                 ;Data Stack size          : 128 byte(s)
                 ;Heap size                : 0 byte(s)
                 ;Promote 'char' to 'int'  : Yes
                 ;'char' is unsigned       : Yes
                 ;8 bit enums              : Yes
                 ;global 'const' stored in FLASH: No
                 ;Enhanced core instructions    : On
                 ;Smart register allocation     : On
                 ;Automatic register allocation : On
                 
                 	#pragma AVRPART ADMIN PART_NAME ATmega8535
                 	#pragma AVRPART MEMORY PROG_FLASH 8192
                 	#pragma AVRPART MEMORY EEPROM 512
                 	#pragma AVRPART MEMORY INT_SRAM SIZE 607
                 	#pragma AVRPART MEMORY INT_SRAM START_ADDR 0x60
                 
                 	.LISTMAC
                 	.EQU UDRE=0x5
                 	.EQU RXC=0x7
                 	.EQU USR=0xB
                 	.EQU UDR=0xC
                 	.EQU SPSR=0xE
                 	.EQU SPDR=0xF
                 	.EQU EERE=0x0
                 	.EQU EEWE=0x1
                 	.EQU EEMWE=0x2
                 	.EQU EECR=0x1C
                 	.EQU EEDR=0x1D
                 	.EQU EEARL=0x1E
                 	.EQU EEARH=0x1F
                 	.EQU WDTCR=0x21
                 	.EQU MCUCR=0x35
                 	.EQU GICR=0x3B
                 	.EQU SPL=0x3D
                 	.EQU SPH=0x3E
                 	.EQU SREG=0x3F
                 
                 	.DEF R0X0=R0
                 	.DEF R0X1=R1
                 	.DEF R0X2=R2
                 	.DEF R0X3=R3
                 	.DEF R0X4=R4
                 	.DEF R0X5=R5
                 	.DEF R0X6=R6
                 	.DEF R0X7=R7
                 	.DEF R0X8=R8
                 	.DEF R0X9=R9
                 	.DEF R0XA=R10
                 	.DEF R0XB=R11
                 	.DEF R0XC=R12
                 	.DEF R0XD=R13
                 	.DEF R0XE=R14
                 	.DEF R0XF=R15
                 	.DEF R0X10=R16
                 	.DEF R0X11=R17
                 	.DEF R0X12=R18
                 	.DEF R0X13=R19
                 	.DEF R0X14=R20
                 	.DEF R0X15=R21
                 	.DEF R0X16=R22
                 	.DEF R0X17=R23
                 	.DEF R0X18=R24
                 	.DEF R0X19=R25
                 	.DEF R0X1A=R26
                 	.DEF R0X1B=R27
                 	.DEF R0X1C=R28
                 	.DEF R0X1D=R29
                 	.DEF R0X1E=R30
                 	.DEF R0X1F=R31
                 
                 	.EQU __SRAM_START=0x0060
                 	.EQU __SRAM_END=0x025F
                 	.EQU __DSTACK_SIZE=0x0080
                 	.EQU __HEAP_SIZE=0x0000
                 	.EQU __CLEAR_SRAM_SIZE=__SRAM_END-__SRAM_START+1
                 
                 	.MACRO __CPD1N
                 	CPI  R30,LOW(@0)
                 	LDI  R26,HIGH(@0)
                 	CPC  R31,R26
                 	LDI  R26,BYTE3(@0)
                 	CPC  R22,R26
                 	LDI  R26,BYTE4(@0)
                 	CPC  R23,R26
                 	.ENDM
                 
                 	.MACRO __CPD2N
                 	CPI  R26,LOW(@0)
                 	LDI  R30,HIGH(@0)
                 	CPC  R27,R30
                 	LDI  R30,BYTE3(@0)
                 	CPC  R24,R30
                 	LDI  R30,BYTE4(@0)
                 	CPC  R25,R30
                 	.ENDM
                 
                 	.MACRO __CPWRR
                 	CP   R@0,R@2
                 	CPC  R@1,R@3
                 	.ENDM
                 
                 	.MACRO __CPWRN
                 	CPI  R@0,LOW(@2)
                 	LDI  R30,HIGH(@2)
                 	CPC  R@1,R30
                 	.ENDM
                 
                 	.MACRO __ADDB1MN
                 	SUBI R30,LOW(-@0-(@1))
                 	.ENDM
                 
                 	.MACRO __ADDB2MN
                 	SUBI R26,LOW(-@0-(@1))
                 	.ENDM
                 
                 	.MACRO __ADDW1MN
                 	SUBI R30,LOW(-@0-(@1))
                 	SBCI R31,HIGH(-@0-(@1))
                 	.ENDM
                 
                 	.MACRO __ADDW2MN
                 	SUBI R26,LOW(-@0-(@1))
                 	SBCI R27,HIGH(-@0-(@1))
                 	.ENDM
                 
                 	.MACRO __ADDW1FN
                 	SUBI R30,LOW(-2*@0-(@1))
                 	SBCI R31,HIGH(-2*@0-(@1))
                 	.ENDM
                 
                 	.MACRO __ADDD1FN
                 	SUBI R30,LOW(-2*@0-(@1))
                 	SBCI R31,HIGH(-2*@0-(@1))
                 	SBCI R22,BYTE3(-2*@0-(@1))
                 	.ENDM
                 
                 	.MACRO __ADDD1N
                 	SUBI R30,LOW(-@0)
                 	SBCI R31,HIGH(-@0)
                 	SBCI R22,BYTE3(-@0)
                 	SBCI R23,BYTE4(-@0)
                 	.ENDM
                 
                 	.MACRO __ADDD2N
                 	SUBI R26,LOW(-@0)
                 	SBCI R27,HIGH(-@0)
                 	SBCI R24,BYTE3(-@0)
                 	SBCI R25,BYTE4(-@0)
                 	.ENDM
                 
                 	.MACRO __SUBD1N
                 	SUBI R30,LOW(@0)
                 	SBCI R31,HIGH(@0)
                 	SBCI R22,BYTE3(@0)
                 	SBCI R23,BYTE4(@0)
                 	.ENDM
                 
                 	.MACRO __SUBD2N
                 	SUBI R26,LOW(@0)
                 	SBCI R27,HIGH(@0)
                 	SBCI R24,BYTE3(@0)
                 	SBCI R25,BYTE4(@0)
                 	.ENDM
                 
                 	.MACRO __ANDBMNN
                 	LDS  R30,@0+(@1)
                 	ANDI R30,LOW(@2)
                 	STS  @0+(@1),R30
                 	.ENDM
                 
                 	.MACRO __ANDWMNN
                 	LDS  R30,@0+(@1)
                 	ANDI R30,LOW(@2)
                 	STS  @0+(@1),R30
                 	LDS  R30,@0+(@1)+1
                 	ANDI R30,HIGH(@2)
                 	STS  @0+(@1)+1,R30
                 	.ENDM
                 
                 	.MACRO __ANDD1N
                 	ANDI R30,LOW(@0)
                 	ANDI R31,HIGH(@0)
                 	ANDI R22,BYTE3(@0)
                 	ANDI R23,BYTE4(@0)
                 	.ENDM
                 
                 	.MACRO __ANDD2N
                 	ANDI R26,LOW(@0)
                 	ANDI R27,HIGH(@0)
                 	ANDI R24,BYTE3(@0)
                 	ANDI R25,BYTE4(@0)
                 	.ENDM
                 
                 	.MACRO __ORBMNN
                 	LDS  R30,@0+(@1)
                 	ORI  R30,LOW(@2)
                 	STS  @0+(@1),R30
                 	.ENDM
                 
                 	.MACRO __ORWMNN
                 	LDS  R30,@0+(@1)
                 	ORI  R30,LOW(@2)
                 	STS  @0+(@1),R30
                 	LDS  R30,@0+(@1)+1
                 	ORI  R30,HIGH(@2)
                 	STS  @0+(@1)+1,R30
                 	.ENDM
                 
                 	.MACRO __ORD1N
                 	ORI  R30,LOW(@0)
                 	ORI  R31,HIGH(@0)
                 	ORI  R22,BYTE3(@0)
                 	ORI  R23,BYTE4(@0)
                 	.ENDM
                 
                 	.MACRO __ORD2N
                 	ORI  R26,LOW(@0)
                 	ORI  R27,HIGH(@0)
                 	ORI  R24,BYTE3(@0)
                 	ORI  R25,BYTE4(@0)
                 	.ENDM
                 
                 	.MACRO __DELAY_USB
                 	LDI  R24,LOW(@0)
                 __DELAY_USB_LOOP:
                 	DEC  R24
                 	BRNE __DELAY_USB_LOOP
                 	.ENDM
                 
                 	.MACRO __DELAY_USW
                 	LDI  R24,LOW(@0)
                 	LDI  R25,HIGH(@0)
                 __DELAY_USW_LOOP:
                 	SBIW R24,1
                 	BRNE __DELAY_USW_LOOP
                 	.ENDM
                 
                 	.MACRO __GETD1S
                 	LDD  R30,Y+@0
                 	LDD  R31,Y+@0+1
                 	LDD  R22,Y+@0+2
                 	LDD  R23,Y+@0+3
                 	.ENDM
                 
                 	.MACRO __GETD2S
                 	LDD  R26,Y+@0
                 	LDD  R27,Y+@0+1
                 	LDD  R24,Y+@0+2
                 	LDD  R25,Y+@0+3
                 	.ENDM
                 
                 	.MACRO __PUTD1S
                 	STD  Y+@0,R30
                 	STD  Y+@0+1,R31
                 	STD  Y+@0+2,R22
                 	STD  Y+@0+3,R23
                 	.ENDM
                 
                 	.MACRO __PUTD2S
                 	STD  Y+@0,R26
                 	STD  Y+@0+1,R27
                 	STD  Y+@0+2,R24
                 	STD  Y+@0+3,R25
                 	.ENDM
                 
                 	.MACRO __PUTDZ2
                 	STD  Z+@0,R26
                 	STD  Z+@0+1,R27
                 	STD  Z+@0+2,R24
                 	STD  Z+@0+3,R25
                 	.ENDM
                 
                 	.MACRO __CLRD1S
                 	STD  Y+@0,R30
                 	STD  Y+@0+1,R30
                 	STD  Y+@0+2,R30
                 	STD  Y+@0+3,R30
                 	.ENDM
                 
                 	.MACRO __POINTB1MN
                 	LDI  R30,LOW(@0+(@1))
                 	.ENDM
                 
                 	.MACRO __POINTW1MN
                 	LDI  R30,LOW(@0+(@1))
                 	LDI  R31,HIGH(@0+(@1))
                 	.ENDM
                 
                 	.MACRO __POINTD1M
                 	LDI  R30,LOW(@0)
                 	LDI  R31,HIGH(@0)
                 	LDI  R22,BYTE3(@0)
                 	LDI  R23,BYTE4(@0)
                 	.ENDM
                 
                 	.MACRO __POINTW1FN
                 	LDI  R30,LOW(2*@0+(@1))
                 	LDI  R31,HIGH(2*@0+(@1))
                 	.ENDM
                 
                 	.MACRO __POINTD1FN
                 	LDI  R30,LOW(2*@0+(@1))
                 	LDI  R31,HIGH(2*@0+(@1))
                 	LDI  R22,BYTE3(2*@0+(@1))
                 	LDI  R23,BYTE4(2*@0+(@1))
                 	.ENDM
                 
                 	.MACRO __POINTB2MN
                 	LDI  R26,LOW(@0+(@1))
                 	.ENDM
                 
                 	.MACRO __POINTW2MN
                 	LDI  R26,LOW(@0+(@1))
                 	LDI  R27,HIGH(@0+(@1))
                 	.ENDM
                 
                 	.MACRO __POINTBRM
                 	LDI  R@0,LOW(@1)
                 	.ENDM
                 
                 	.MACRO __POINTWRM
                 	LDI  R@0,LOW(@2)
                 	LDI  R@1,HIGH(@2)
                 	.ENDM
                 
                 	.MACRO __POINTBRMN
                 	LDI  R@0,LOW(@1+(@2))
                 	.ENDM
                 
                 	.MACRO __POINTWRMN
                 	LDI  R@0,LOW(@2+(@3))
                 	LDI  R@1,HIGH(@2+(@3))
                 	.ENDM
                 
                 	.MACRO __POINTWRFN
                 	LDI  R@0,LOW(@2*2+(@3))
                 	LDI  R@1,HIGH(@2*2+(@3))
                 	.ENDM
                 
                 	.MACRO __GETD1N
                 	LDI  R30,LOW(@0)
                 	LDI  R31,HIGH(@0)
                 	LDI  R22,BYTE3(@0)
                 	LDI  R23,BYTE4(@0)
                 	.ENDM
                 
                 	.MACRO __GETD2N
                 	LDI  R26,LOW(@0)
                 	LDI  R27,HIGH(@0)
                 	LDI  R24,BYTE3(@0)
                 	LDI  R25,BYTE4(@0)
                 	.ENDM
                 
                 	.MACRO __GETB1MN
                 	LDS  R30,@0+(@1)
                 	.ENDM
                 
                 	.MACRO __GETB1HMN
                 	LDS  R31,@0+(@1)
                 	.ENDM
                 
                 	.MACRO __GETW1MN
                 	LDS  R30,@0+(@1)
                 	LDS  R31,@0+(@1)+1
                 	.ENDM
                 
                 	.MACRO __GETD1MN
                 	LDS  R30,@0+(@1)
                 	LDS  R31,@0+(@1)+1
                 	LDS  R22,@0+(@1)+2
                 	LDS  R23,@0+(@1)+3
                 	.ENDM
                 
                 	.MACRO __GETBRMN
                 	LDS  R@0,@1+(@2)
                 	.ENDM
                 
                 	.MACRO __GETWRMN
                 	LDS  R@0,@2+(@3)
                 	LDS  R@1,@2+(@3)+1
                 	.ENDM
                 
                 	.MACRO __GETWRZ
                 	LDD  R@0,Z+@2
                 	LDD  R@1,Z+@2+1
                 	.ENDM
                 
                 	.MACRO __GETD2Z
                 	LDD  R26,Z+@0
                 	LDD  R27,Z+@0+1
                 	LDD  R24,Z+@0+2
                 	LDD  R25,Z+@0+3
                 	.ENDM
                 
                 	.MACRO __GETB2MN
                 	LDS  R26,@0+(@1)
                 	.ENDM
                 
                 	.MACRO __GETW2MN
                 	LDS  R26,@0+(@1)
                 	LDS  R27,@0+(@1)+1
                 	.ENDM
                 
                 	.MACRO __GETD2MN
                 	LDS  R26,@0+(@1)
                 	LDS  R27,@0+(@1)+1
                 	LDS  R24,@0+(@1)+2
                 	LDS  R25,@0+(@1)+3
                 	.ENDM
                 
                 	.MACRO __PUTB1MN
                 	STS  @0+(@1),R30
                 	.ENDM
                 
                 	.MACRO __PUTW1MN
                 	STS  @0+(@1),R30
                 	STS  @0+(@1)+1,R31
                 	.ENDM
                 
                 	.MACRO __PUTD1MN
                 	STS  @0+(@1),R30
                 	STS  @0+(@1)+1,R31
                 	STS  @0+(@1)+2,R22
                 	STS  @0+(@1)+3,R23
                 	.ENDM
                 
                 	.MACRO __PUTB1EN
                 	LDI  R26,LOW(@0+(@1))
                 	LDI  R27,HIGH(@0+(@1))
                 	RCALL __EEPROMWRB
                 	.ENDM
                 
                 	.MACRO __PUTW1EN
                 	LDI  R26,LOW(@0+(@1))
                 	LDI  R27,HIGH(@0+(@1))
                 	RCALL __EEPROMWRW
                 	.ENDM
                 
                 	.MACRO __PUTD1EN
                 	LDI  R26,LOW(@0+(@1))
                 	LDI  R27,HIGH(@0+(@1))
                 	RCALL __EEPROMWRD
                 	.ENDM
                 
                 	.MACRO __PUTBR0MN
                 	STS  @0+(@1),R0
                 	.ENDM
                 
                 	.MACRO __PUTBMRN
                 	STS  @0+(@1),R@2
                 	.ENDM
                 
                 	.MACRO __PUTWMRN
                 	STS  @0+(@1),R@2
                 	STS  @0+(@1)+1,R@3
                 	.ENDM
                 
                 	.MACRO __PUTBZR
                 	STD  Z+@1,R@0
                 	.ENDM
                 
                 	.MACRO __PUTWZR
                 	STD  Z+@2,R@0
                 	STD  Z+@2+1,R@1
                 	.ENDM
                 
                 	.MACRO __GETW1R
                 	MOV  R30,R@0
                 	MOV  R31,R@1
                 	.ENDM
                 
                 	.MACRO __GETW2R
                 	MOV  R26,R@0
                 	MOV  R27,R@1
                 	.ENDM
                 
                 	.MACRO __GETWRN
                 	LDI  R@0,LOW(@2)
                 	LDI  R@1,HIGH(@2)
                 	.ENDM
                 
                 	.MACRO __PUTW1R
                 	MOV  R@0,R30
                 	MOV  R@1,R31
                 	.ENDM
                 
                 	.MACRO __PUTW2R
                 	MOV  R@0,R26
                 	MOV  R@1,R27
                 	.ENDM
                 
                 	.MACRO __ADDWRN
                 	SUBI R@0,LOW(-@2)
                 	SBCI R@1,HIGH(-@2)
                 	.ENDM
                 
                 	.MACRO __ADDWRR
                 	ADD  R@0,R@2
                 	ADC  R@1,R@3
                 	.ENDM
                 
                 	.MACRO __SUBWRN
                 	SUBI R@0,LOW(@2)
                 	SBCI R@1,HIGH(@2)
                 	.ENDM
                 
                 	.MACRO __SUBWRR
                 	SUB  R@0,R@2
                 	SBC  R@1,R@3
                 	.ENDM
                 
                 	.MACRO __ANDWRN
                 	ANDI R@0,LOW(@2)
                 	ANDI R@1,HIGH(@2)
                 	.ENDM
                 
                 	.MACRO __ANDWRR
                 	AND  R@0,R@2
                 	AND  R@1,R@3
                 	.ENDM
                 
                 	.MACRO __ORWRN
                 	ORI  R@0,LOW(@2)
                 	ORI  R@1,HIGH(@2)
                 	.ENDM
                 
                 	.MACRO __ORWRR
                 	OR   R@0,R@2
                 	OR   R@1,R@3
                 	.ENDM
                 
                 	.MACRO __EORWRR
                 	EOR  R@0,R@2
                 	EOR  R@1,R@3
                 	.ENDM
                 
                 	.MACRO __GETWRS
                 	LDD  R@0,Y+@2
                 	LDD  R@1,Y+@2+1
                 	.ENDM
                 
                 	.MACRO __PUTBSR
                 	STD  Y+@1,R@0
                 	.ENDM
                 
                 	.MACRO __PUTWSR
                 	STD  Y+@2,R@0
                 	STD  Y+@2+1,R@1
                 	.ENDM
                 
                 	.MACRO __MOVEWRR
                 	MOV  R@0,R@2
                 	MOV  R@1,R@3
                 	.ENDM
                 
                 	.MACRO __INWR
                 	IN   R@0,@2
                 	IN   R@1,@2+1
                 	.ENDM
                 
                 	.MACRO __OUTWR
                 	OUT  @2+1,R@1
                 	OUT  @2,R@0
                 	.ENDM
                 
                 	.MACRO __CALL1MN
                 	LDS  R30,@0+(@1)
                 	LDS  R31,@0+(@1)+1
                 	ICALL
                 	.ENDM
                 
                 	.MACRO __CALL1FN
                 	LDI  R30,LOW(2*@0+(@1))
                 	LDI  R31,HIGH(2*@0+(@1))
                 	RCALL __GETW1PF
                 	ICALL
                 	.ENDM
                 
                 	.MACRO __CALL2EN
                 	LDI  R26,LOW(@0+(@1))
                 	LDI  R27,HIGH(@0+(@1))
                 	RCALL __EEPROMRDW
                 	ICALL
                 	.ENDM
                 
                 	.MACRO __GETW1STACK
                 	IN   R26,SPL
                 	IN   R27,SPH
                 	ADIW R26,@0+1
                 	LD   R30,X+
                 	LD   R31,X
                 	.ENDM
                 
                 	.MACRO __GETD1STACK
                 	IN   R26,SPL
                 	IN   R27,SPH
                 	ADIW R26,@0+1
                 	LD   R30,X+
                 	LD   R31,X+
                 	LD   R22,X
                 	.ENDM
                 
                 	.MACRO __NBST
                 	BST  R@0,@1
                 	IN   R30,SREG
                 	LDI  R31,0x40
                 	EOR  R30,R31
                 	OUT  SREG,R30
                 	.ENDM
                 
                 
                 	.MACRO __PUTB1SN
                 	LDD  R26,Y+@0
                 	LDD  R27,Y+@0+1
                 	SUBI R26,LOW(-@1)
                 	SBCI R27,HIGH(-@1)
                 	ST   X,R30
                 	.ENDM
                 
                 	.MACRO __PUTW1SN
                 	LDD  R26,Y+@0
                 	LDD  R27,Y+@0+1
                 	SUBI R26,LOW(-@1)
                 	SBCI R27,HIGH(-@1)
                 	ST   X+,R30
                 	ST   X,R31
                 	.ENDM
                 
                 	.MACRO __PUTD1SN
                 	LDD  R26,Y+@0
                 	LDD  R27,Y+@0+1
                 	SUBI R26,LOW(-@1)
                 	SBCI R27,HIGH(-@1)
                 	RCALL __PUTDP1
                 	.ENDM
                 
                 	.MACRO __PUTB1SNS
                 	LDD  R26,Y+@0
                 	LDD  R27,Y+@0+1
                 	ADIW R26,@1
                 	ST   X,R30
                 	.ENDM
                 
                 	.MACRO __PUTW1SNS
                 	LDD  R26,Y+@0
                 	LDD  R27,Y+@0+1
                 	ADIW R26,@1
                 	ST   X+,R30
                 	ST   X,R31
                 	.ENDM
                 
                 	.MACRO __PUTD1SNS
                 	LDD  R26,Y+@0
                 	LDD  R27,Y+@0+1
                 	ADIW R26,@1
                 	RCALL __PUTDP1
                 	.ENDM
                 
                 	.MACRO __PUTB1PMN
                 	LDS  R26,@0
                 	LDS  R27,@0+1
                 	SUBI R26,LOW(-@1)
                 	SBCI R27,HIGH(-@1)
                 	ST   X,R30
                 	.ENDM
                 
                 	.MACRO __PUTW1PMN
                 	LDS  R26,@0
                 	LDS  R27,@0+1
                 	SUBI R26,LOW(-@1)
                 	SBCI R27,HIGH(-@1)
                 	ST   X+,R30
                 	ST   X,R31
                 	.ENDM
                 
                 	.MACRO __PUTD1PMN
                 	LDS  R26,@0
                 	LDS  R27,@0+1
                 	SUBI R26,LOW(-@1)
                 	SBCI R27,HIGH(-@1)
                 	RCALL __PUTDP1
                 	.ENDM
                 
                 	.MACRO __PUTB1PMNS
                 	LDS  R26,@0
                 	LDS  R27,@0+1
                 	ADIW R26,@1
                 	ST   X,R30
                 	.ENDM
                 
                 	.MACRO __PUTW1PMNS
                 	LDS  R26,@0
                 	LDS  R27,@0+1
                 	ADIW R26,@1
                 	ST   X+,R30
                 	ST   X,R31
                 	.ENDM
                 
                 	.MACRO __PUTD1PMNS
                 	LDS  R26,@0
                 	LDS  R27,@0+1
                 	ADIW R26,@1
                 	RCALL __PUTDP1
                 	.ENDM
                 
                 	.MACRO __PUTB1RN
                 	MOVW R26,R@0
                 	SUBI R26,LOW(-@1)
                 	SBCI R27,HIGH(-@1)
                 	ST   X,R30
                 	.ENDM
                 
                 	.MACRO __PUTW1RN
                 	MOVW R26,R@0
                 	SUBI R26,LOW(-@1)
                 	SBCI R27,HIGH(-@1)
                 	ST   X+,R30
                 	ST   X,R31
                 	.ENDM
                 
                 	.MACRO __PUTD1RN
                 	MOVW R26,R@0
                 	SUBI R26,LOW(-@1)
                 	SBCI R27,HIGH(-@1)
                 	RCALL __PUTDP1
                 	.ENDM
                 
                 	.MACRO __PUTB1RNS
                 	MOVW R26,R@0
                 	ADIW R26,@1
                 	ST   X,R30
                 	.ENDM
                 
                 	.MACRO __PUTW1RNS
                 	MOVW R26,R@0
                 	ADIW R26,@1
                 	ST   X+,R30
                 	ST   X,R31
                 	.ENDM
                 
                 	.MACRO __PUTD1RNS
                 	MOVW R26,R@0
                 	ADIW R26,@1
                 	RCALL __PUTDP1
                 	.ENDM
                 
                 	.MACRO __PUTB1RON
                 	MOV  R26,R@0
                 	MOV  R27,R@1
                 	SUBI R26,LOW(-@2)
                 	SBCI R27,HIGH(-@2)
                 	ST   X,R30
                 	.ENDM
                 
                 	.MACRO __PUTW1RON
                 	MOV  R26,R@0
                 	MOV  R27,R@1
                 	SUBI R26,LOW(-@2)
                 	SBCI R27,HIGH(-@2)
                 	ST   X+,R30
                 	ST   X,R31
                 	.ENDM
                 
                 	.MACRO __PUTD1RON
                 	MOV  R26,R@0
                 	MOV  R27,R@1
                 	SUBI R26,LOW(-@2)
                 	SBCI R27,HIGH(-@2)
                 	RCALL __PUTDP1
                 	.ENDM
                 
                 	.MACRO __PUTB1RONS
                 	MOV  R26,R@0
                 	MOV  R27,R@1
                 	ADIW R26,@2
                 	ST   X,R30
                 	.ENDM
                 
                 	.MACRO __PUTW1RONS
                 	MOV  R26,R@0
                 	MOV  R27,R@1
                 	ADIW R26,@2
                 	ST   X+,R30
                 	ST   X,R31
                 	.ENDM
                 
                 	.MACRO __PUTD1RONS
                 	MOV  R26,R@0
                 	MOV  R27,R@1
                 	ADIW R26,@2
                 	RCALL __PUTDP1
                 	.ENDM
                 
                 
                 	.MACRO __GETB1SX
                 	MOVW R30,R28
                 	SUBI R30,LOW(-@0)
                 	SBCI R31,HIGH(-@0)
                 	LD   R30,Z
                 	.ENDM
                 
                 	.MACRO __GETB1HSX
                 	MOVW R30,R28
                 	SUBI R30,LOW(-@0)
                 	SBCI R31,HIGH(-@0)
                 	LD   R31,Z
                 	.ENDM
                 
                 	.MACRO __GETW1SX
                 	MOVW R30,R28
                 	SUBI R30,LOW(-@0)
                 	SBCI R31,HIGH(-@0)
                 	LD   R0,Z+
                 	LD   R31,Z
                 	MOV  R30,R0
                 	.ENDM
                 
                 	.MACRO __GETD1SX
                 	MOVW R30,R28
                 	SUBI R30,LOW(-@0)
                 	SBCI R31,HIGH(-@0)
                 	LD   R0,Z+
                 	LD   R1,Z+
                 	LD   R22,Z+
                 	LD   R23,Z
                 	MOVW R30,R0
                 	.ENDM
                 
                 	.MACRO __GETB2SX
                 	MOVW R26,R28
                 	SUBI R26,LOW(-@0)
                 	SBCI R27,HIGH(-@0)
                 	LD   R26,X
                 	.ENDM
                 
                 	.MACRO __GETW2SX
                 	MOVW R26,R28
                 	SUBI R26,LOW(-@0)
                 	SBCI R27,HIGH(-@0)
                 	LD   R0,X+
                 	LD   R27,X
                 	MOV  R26,R0
                 	.ENDM
                 
                 	.MACRO __GETD2SX
                 	MOVW R26,R28
                 	SUBI R26,LOW(-@0)
                 	SBCI R27,HIGH(-@0)
                 	LD   R0,X+
                 	LD   R1,X+
                 	LD   R24,X+
                 	LD   R25,X
                 	MOVW R26,R0
                 	.ENDM
                 
                 	.MACRO __GETBRSX
                 	MOVW R30,R28
                 	SUBI R30,LOW(-@1)
                 	SBCI R31,HIGH(-@1)
                 	LD   R@0,Z
                 	.ENDM
                 
                 	.MACRO __GETWRSX
                 	MOVW R30,R28
                 	SUBI R30,LOW(-@2)
                 	SBCI R31,HIGH(-@2)
                 	LD   R@0,Z+
                 	LD   R@1,Z
                 	.ENDM
                 
                 	.MACRO __GETBRSX2
                 	MOVW R26,R28
                 	SUBI R26,LOW(-@1)
                 	SBCI R27,HIGH(-@1)
                 	LD   R@0,X
                 	.ENDM
                 
                 	.MACRO __GETWRSX2
                 	MOVW R26,R28
                 	SUBI R26,LOW(-@2)
                 	SBCI R27,HIGH(-@2)
                 	LD   R@0,X+
                 	LD   R@1,X
                 	.ENDM
                 
                 	.MACRO __LSLW8SX
                 	MOVW R30,R28
                 	SUBI R30,LOW(-@0)
                 	SBCI R31,HIGH(-@0)
                 	LD   R31,Z
                 	CLR  R30
                 	.ENDM
                 
                 	.MACRO __PUTB1SX
                 	MOVW R26,R28
                 	SUBI R26,LOW(-@0)
                 	SBCI R27,HIGH(-@0)
                 	ST   X,R30
                 	.ENDM
                 
                 	.MACRO __PUTW1SX
                 	MOVW R26,R28
                 	SUBI R26,LOW(-@0)
                 	SBCI R27,HIGH(-@0)
                 	ST   X+,R30
                 	ST   X,R31
                 	.ENDM
                 
                 	.MACRO __PUTD1SX
                 	MOVW R26,R28
                 	SUBI R26,LOW(-@0)
                 	SBCI R27,HIGH(-@0)
                 	ST   X+,R30
                 	ST   X+,R31
                 	ST   X+,R22
                 	ST   X,R23
                 	.ENDM
                 
                 	.MACRO __CLRW1SX
                 	MOVW R26,R28
                 	SUBI R26,LOW(-@0)
                 	SBCI R27,HIGH(-@0)
                 	ST   X+,R30
                 	ST   X,R30
                 	.ENDM
                 
                 	.MACRO __CLRD1SX
                 	MOVW R26,R28
                 	SUBI R26,LOW(-@0)
                 	SBCI R27,HIGH(-@0)
                 	ST   X+,R30
                 	ST   X+,R30
                 	ST   X+,R30
                 	ST   X,R30
                 	.ENDM
                 
                 	.MACRO __PUTB2SX
                 	MOVW R30,R28
                 	SUBI R30,LOW(-@0)
                 	SBCI R31,HIGH(-@0)
                 	ST   Z,R26
                 	.ENDM
                 
                 	.MACRO __PUTW2SX
                 	MOVW R30,R28
                 	SUBI R30,LOW(-@0)
                 	SBCI R31,HIGH(-@0)
                 	ST   Z+,R26
                 	ST   Z,R27
                 	.ENDM
                 
                 	.MACRO __PUTD2SX
                 	MOVW R30,R28
                 	SUBI R30,LOW(-@0)
                 	SBCI R31,HIGH(-@0)
                 	ST   Z+,R26
                 	ST   Z+,R27
                 	ST   Z+,R24
                 	ST   Z,R25
                 	.ENDM
                 
                 	.MACRO __PUTBSRX
                 	MOVW R30,R28
                 	SUBI R30,LOW(-@1)
                 	SBCI R31,HIGH(-@1)
                 	ST   Z,R@0
                 	.ENDM
                 
                 	.MACRO __PUTWSRX
                 	MOVW R30,R28
                 	SUBI R30,LOW(-@2)
                 	SBCI R31,HIGH(-@2)
                 	ST   Z+,R@0
                 	ST   Z,R@1
                 	.ENDM
                 
                 	.MACRO __PUTB1SNX
                 	MOVW R26,R28
                 	SUBI R26,LOW(-@0)
                 	SBCI R27,HIGH(-@0)
                 	LD   R0,X+
                 	LD   R27,X
                 	MOV  R26,R0
                 	SUBI R26,LOW(-@1)
                 	SBCI R27,HIGH(-@1)
                 	ST   X,R30
                 	.ENDM
                 
                 	.MACRO __PUTW1SNX
                 	MOVW R26,R28
                 	SUBI R26,LOW(-@0)
                 	SBCI R27,HIGH(-@0)
                 	LD   R0,X+
                 	LD   R27,X
                 	MOV  R26,R0
                 	SUBI R26,LOW(-@1)
                 	SBCI R27,HIGH(-@1)
                 	ST   X+,R30
                 	ST   X,R31
                 	.ENDM
                 
                 	.MACRO __PUTD1SNX
                 	MOVW R26,R28
                 	SUBI R26,LOW(-@0)
                 	SBCI R27,HIGH(-@0)
                 	LD   R0,X+
                 	LD   R27,X
                 	MOV  R26,R0
                 	SUBI R26,LOW(-@1)
                 	SBCI R27,HIGH(-@1)
                 	ST   X+,R30
                 	ST   X+,R31
                 	ST   X+,R22
                 	ST   X,R23
                 	.ENDM
                 
                 	.MACRO __MULBRR
                 	MULS R@0,R@1
                 	MOVW R30,R0
                 	.ENDM
                 
                 	.MACRO __MULBRRU
                 	MUL  R@0,R@1
                 	MOVW R30,R0
                 	.ENDM
                 
                 	.MACRO __MULBRR0
                 	MULS R@0,R@1
                 	.ENDM
                 
                 	.MACRO __MULBRRU0
                 	MUL  R@0,R@1
                 	.ENDM
                 
                 	.MACRO __MULBNWRU
                 	LDI  R26,@2
                 	MUL  R26,R@0
                 	MOVW R30,R0
                 	MUL  R26,R@1
                 	ADD  R31,R0
                 	.ENDM
                 
                 ;NAME DEFINITIONS FOR GLOBAL VARIABLES ALLOCATED TO REGISTERS
                 	.DEF _timerOverflow=R4
                 	.DEF __lcd_x=R7
                 	.DEF __lcd_y=R6
                 	.DEF __lcd_maxx=R9
                 
                 	.CSEG
                 	.ORG 0x00
                 
                 ;START OF CODE MARKER
                 __START_OF_CODE:
                 
                 ;INTERRUPT VECTORS
000000 c056      	RJMP __RESET
000001 c084      	RJMP _ext_int0_isr
000002 c0a9      	RJMP _ext_int1_isr
000003 cffc      	RJMP 0x00
000004 cffb      	RJMP 0x00
000005 cffa      	RJMP 0x00
000006 cff9      	RJMP 0x00
000007 cff8      	RJMP 0x00
000008 c10b      	RJMP _timer1_ovf_isr
000009 cff6      	RJMP 0x00
00000a cff5      	RJMP 0x00
00000b cff4      	RJMP 0x00
00000c cff3      	RJMP 0x00
00000d cff2      	RJMP 0x00
00000e cff1      	RJMP 0x00
00000f cff0      	RJMP 0x00
000010 cfef      	RJMP 0x00
000011 cfee      	RJMP 0x00
000012 cfed      	RJMP 0x00
000013 cfec      	RJMP 0x00
000014 cfeb      	RJMP 0x00
                 
                 _tbl10_G100:
000015 2710
000016 03e8
000017 0064
000018 000a      	.DB  0x10,0x27,0xE8,0x3,0x64,0x0,0xA,0x0
000019 0001      	.DB  0x1,0x0
                 _tbl16_G100:
00001a 1000
00001b 0100
00001c 0010
00001d 0001      	.DB  0x0,0x10,0x0,0x1,0x10,0x0,0x1,0x0
                 
                 ;REGISTER BIT VARIABLES INITIALIZATION
                 __REG_BIT_VARS:
00001e 0000      	.DW  0x0000
                 
                 _0x0:
00001f 6956
000020 6373
000021 6d6f
000022 7465      	.DB  0x56,0x69,0x73,0x63,0x6F,0x6D,0x65,0x74
000023 7265
000024 2020
000025 2020
000026 2020      	.DB  0x65,0x72,0x20,0x20,0x20,0x20,0x20,0x20
000027 5400
000028 6d69
000029 7265
00002a 5320      	.DB  0x0,0x54,0x69,0x6D,0x65,0x72,0x20,0x53
00002b 6174
00002c 7472
00002d 2020
00002e 2020      	.DB  0x74,0x61,0x72,0x74,0x20,0x20,0x20,0x20
00002f 0020
000030 6954
000031 656d
000032 3d20      	.DB  0x20,0x0,0x54,0x69,0x6D,0x65,0x20,0x3D
000033 2520
000034 6435
000035 6d20
000036 0073      	.DB  0x20,0x25,0x35,0x64,0x20,0x6D,0x73,0x0
000037 6552
000038 6461
000039 2079
00003a 2020      	.DB  0x52,0x65,0x61,0x64,0x79,0x20,0x20,0x20
00003b 2020
00003c 2020
00003d 2020
00003e 2020      	.DB  0x20,0x20,0x20,0x20,0x20,0x20,0x20,0x20
D:\UNDONE WORK\Viscometer\Program\List\Viscometer.asm(1110): warning: .cseg .db misalignment - padding zero byte
00003f 0000      	.DB  0x0
                 _0x2020003:
000040 c080      	.DB  0x80,0xC0
                 
                 __GLOBAL_INI_TBL:
000041 0001      	.DW  0x01
000042 0002      	.DW  0x02
000043 003c      	.DW  __REG_BIT_VARS*2
                 
000044 0011      	.DW  0x11
000045 00e0      	.DW  _0x3
000046 003e      	.DW  _0x0*2
                 
000047 0011      	.DW  0x11
000048 00f1      	.DW  _0x3+17
000049 004f      	.DW  _0x0*2+17
                 
00004a 0011      	.DW  0x11
00004b 0102      	.DW  _0x5
00004c 003e      	.DW  _0x0*2
                 
00004d 0011      	.DW  0x11
00004e 0113      	.DW  _0x6
00004f 003e      	.DW  _0x0*2
                 
000050 0011      	.DW  0x11
000051 0124      	.DW  _0x6+17
000052 006e      	.DW  _0x0*2+48
                 
000053 0002      	.DW  0x02
000054 014d      	.DW  __base_y_G101
000055 0080      	.DW  _0x2020003*2
                 
                 _0xFFFFFFFF:
000056 0000      	.DW  0
                 
                 __RESET:
000057 94f8      	CLI
000058 27ee      	CLR  R30
000059 bbec      	OUT  EECR,R30
                 
                 ;INTERRUPT VECTORS ARE PLACED
                 ;AT THE START OF FLASH
00005a e0f1      	LDI  R31,1
00005b bffb      	OUT  GICR,R31
00005c bfeb      	OUT  GICR,R30
00005d bfe5      	OUT  MCUCR,R30
                 
                 ;DISABLE WATCHDOG
00005e e1f8      	LDI  R31,0x18
00005f bdf1      	OUT  WDTCR,R31
000060 bde1      	OUT  WDTCR,R30
                 
                 ;CLEAR R2-R14
000061 e08d      	LDI  R24,(14-2)+1
000062 e0a2      	LDI  R26,2
000063 27bb      	CLR  R27
                 __CLEAR_REG:
000064 93ed      	ST   X+,R30
000065 958a      	DEC  R24
000066 f7e9      	BRNE __CLEAR_REG
                 
                 ;CLEAR SRAM
000067 e080      	LDI  R24,LOW(__CLEAR_SRAM_SIZE)
000068 e092      	LDI  R25,HIGH(__CLEAR_SRAM_SIZE)
000069 e6a0      	LDI  R26,__SRAM_START
                 __CLEAR_SRAM:
00006a 93ed      	ST   X+,R30
00006b 9701      	SBIW R24,1
00006c f7e9      	BRNE __CLEAR_SRAM
                 
                 ;GLOBAL VARIABLES INITIALIZATION
00006d e8e2      	LDI  R30,LOW(__GLOBAL_INI_TBL*2)
00006e e0f0      	LDI  R31,HIGH(__GLOBAL_INI_TBL*2)
                 __GLOBAL_INI_NEXT:
00006f 9185      	LPM  R24,Z+
000070 9195      	LPM  R25,Z+
000071 9700      	SBIW R24,0
000072 f061      	BREQ __GLOBAL_INI_END
000073 91a5      	LPM  R26,Z+
000074 91b5      	LPM  R27,Z+
000075 9005      	LPM  R0,Z+
000076 9015      	LPM  R1,Z+
000077 01bf      	MOVW R22,R30
000078 01f0      	MOVW R30,R0
                 __GLOBAL_INI_LOOP:
000079 9005      	LPM  R0,Z+
00007a 920d      	ST   X+,R0
00007b 9701      	SBIW R24,1
00007c f7e1      	BRNE __GLOBAL_INI_LOOP
00007d 01fb      	MOVW R30,R22
00007e cff0      	RJMP __GLOBAL_INI_NEXT
                 __GLOBAL_INI_END:
                 
                 ;HARDWARE STACK POINTER INITIALIZATION
00007f e5ef      	LDI  R30,LOW(__SRAM_END-__HEAP_SIZE)
000080 bfed      	OUT  SPL,R30
000081 e0e2      	LDI  R30,HIGH(__SRAM_END-__HEAP_SIZE)
000082 bfee      	OUT  SPH,R30
                 
                 ;DATA STACK POINTER INITIALIZATION
000083 eec0      	LDI  R28,LOW(__SRAM_START+__DSTACK_SIZE)
000084 e0d0      	LDI  R29,HIGH(__SRAM_START+__DSTACK_SIZE)
                 
000085 c09a      	RJMP _main
                 
                 	.ESEG
                 	.ORG 0
                 
                 	.DSEG
                 	.ORG 0xE0
                 
                 	.CSEG
                 ;/*****************************************************
                 ;This program was produced by the
                 ;CodeWizardAVR V2.05.0 Professional
                 ;Automatic Program Generator
                 ;© Copyright 1998-2010 Pavel Haiduc, HP InfoTech s.r.l.
                 ;http://www.hpinfotech.com
                 ;
                 ;Project :
                 ;Version :
                 ;Date    : 12/17/2012
                 ;Author  :
                 ;Company :
                 ;Comments:
                 ;
                 ;
                 ;Chip type               : ATmega8535
                 ;Program type            : Application
                 ;AVR Core Clock frequency: 16.000000 MHz
                 ;Memory model            : Small
                 ;External RAM size       : 0
                 ;Data Stack size         : 128
                 ;*****************************************************/
                 ;
                 ;#include <mega8535.h>
                 	#ifndef __SLEEP_DEFINED__
                 	#define __SLEEP_DEFINED__
                 	.EQU __se_bit=0x40
                 	.EQU __sm_mask=0xB0
                 	.EQU __sm_powerdown=0x20
                 	.EQU __sm_powersave=0x30
                 	.EQU __sm_standby=0xA0
                 	.EQU __sm_ext_standby=0xB0
                 	.EQU __sm_adc_noise_red=0x10
                 	.SET power_ctrl_reg=mcucr
                 	#endif
                 ;#include <stdio.h>
                 ;#include <alcd.h>
                 ;
                 ;unsigned int timerOverflow;
                 ;
                 ;long durasiMs;
                 ;long durasiUs;
                 ;
                 ;char bufferLcd[16];
                 ;
                 ;bit startCount = 0;
                 ;
                 ;// External Interrupt 0 service routine
                 ;interrupt [EXT_INT0] void ext_int0_isr(void) {
                 ; 0000 0026 interrupt [2] void ext_int0_isr(void) {
                 
                 	.CSEG
                 _ext_int0_isr:
000086 d2f2      	RCALL SUBOPT_0x0
                 ; 0000 0027    durasiUs = 0;
000087 e0e0      	LDI  R30,LOW(0)
000088 93e0 0139 	STS  _durasiUs,R30
00008a 93e0 013a 	STS  _durasiUs+1,R30
00008c 93e0 013b 	STS  _durasiUs+2,R30
00008e 93e0 013c 	STS  _durasiUs+3,R30
                 ; 0000 0028    durasiMs = 0;
000090 93e0 0135 	STS  _durasiMs,R30
000092 93e0 0136 	STS  _durasiMs+1,R30
000094 93e0 0137 	STS  _durasiMs+2,R30
000096 93e0 0138 	STS  _durasiMs+3,R30
                 ; 0000 0029    timerOverflow = 0;
000098 2444      	CLR  R4
000099 2455      	CLR  R5
                 ; 0000 002A    TCNT1 = 0;
00009a e0e0      	LDI  R30,LOW(0)
00009b e0f0      	LDI  R31,HIGH(0)
00009c bdfd      	OUT  0x2C+1,R31
00009d bdec      	OUT  0x2C,R30
                 ; 0000 002B    //lcd_clear();
                 ; 0000 002C    lcd_gotoxy(0,0);
00009e d2e8      	RCALL SUBOPT_0x1
00009f d2e7      	RCALL SUBOPT_0x1
0000a0 d260      	RCALL _lcd_gotoxy
                 ; 0000 002D    lcd_puts("Viscometer      ");
                +
0000a1 eee0     +LDI R30 , LOW ( _0x3 + ( 0 ) )
0000a2 e0f0     +LDI R31 , HIGH ( _0x3 + ( 0 ) )
                 	__POINTW1MN _0x3,0
0000a3 d2e6      	RCALL SUBOPT_0x2
                 ; 0000 002E    lcd_gotoxy(0,1);
0000a4 d2e2      	RCALL SUBOPT_0x1
0000a5 d2e7      	RCALL SUBOPT_0x3
                 ; 0000 002F    lcd_puts("Timer Start     ");
                +
0000a6 efe1     +LDI R30 , LOW ( _0x3 + ( 17 ) )
0000a7 e0f0     +LDI R31 , HIGH ( _0x3 + ( 17 ) )
                 	__POINTW1MN _0x3,17
0000a8 d2e1      	RCALL SUBOPT_0x2
                 ; 0000 0030    startCount = 1;
0000a9 9468      	SET
0000aa f820      	BLD  R2,0
                 ; 0000 0031 }
0000ab c05a      	RJMP _0xB
                 
                 	.DSEG
                 _0x3:
0000e0           	.BYTE 0x22
                 ;
                 ;// External Interrupt 1 service routine
                 ;interrupt [EXT_INT1] void ext_int1_isr(void) {
                 ; 0000 0034 interrupt [3] void ext_int1_isr(void) {
                 
                 	.CSEG
                 _ext_int1_isr:
0000ac d2cc      	RCALL SUBOPT_0x0
                 ; 0000 0035    // Clock value: 15.625 kHz
                 ; 0000 0036    // T = 1/F = 1/15625 =  0.000064 S = 64uS
                 ; 0000 0037    if(startCount) {
0000ad fe20      	SBRS R2,0
0000ae c057      	RJMP _0x4
                 ; 0000 0038       durasiUs = (timerOverflow * (64 * 65535)) + ((long)TCNT1 * 64);
0000af 01d2      	MOVW R26,R4
0000b0 2788      	CLR  R24
0000b1 2799      	CLR  R25
                +
0000b2 ece0     +LDI R30 , LOW ( 0x3FFFC0 )
0000b3 efff     +LDI R31 , HIGH ( 0x3FFFC0 )
0000b4 e36f     +LDI R22 , BYTE3 ( 0x3FFFC0 )
0000b5 e070     +LDI R23 , BYTE4 ( 0x3FFFC0 )
                 	__GETD1N 0x3FFFC0
0000b6 d345      	RCALL __MULD12U
0000b7 937f      	PUSH R23
0000b8 936f      	PUSH R22
0000b9 93ff      	PUSH R31
0000ba 93ef      	PUSH R30
0000bb b5ec      	IN   R30,0x2C
0000bc b5fd      	IN   R31,0x2C+1
0000bd 2766      	CLR  R22
0000be 2777      	CLR  R23
                +
0000bf e4a0     +LDI R26 , LOW ( 0x40 )
0000c0 e0b0     +LDI R27 , HIGH ( 0x40 )
0000c1 e080     +LDI R24 , BYTE3 ( 0x40 )
0000c2 e090     +LDI R25 , BYTE4 ( 0x40 )
                 	__GETD2N 0x40
0000c3 d358      	RCALL __MULD12
0000c4 91af      	POP  R26
0000c5 91bf      	POP  R27
0000c6 918f      	POP  R24
0000c7 919f      	POP  R25
0000c8 d322      	RCALL __ADDD12
0000c9 93e0 0139 	STS  _durasiUs,R30
0000cb 93f0 013a 	STS  _durasiUs+1,R31
0000cd 9360 013b 	STS  _durasiUs+2,R22
0000cf 9370 013c 	STS  _durasiUs+3,R23
                 ; 0000 0039       durasiMs = durasiUs/1000;
0000d1 91a0 0139 	LDS  R26,_durasiUs
0000d3 91b0 013a 	LDS  R27,_durasiUs+1
0000d5 9180 013b 	LDS  R24,_durasiUs+2
0000d7 9190 013c 	LDS  R25,_durasiUs+3
                +
0000d9 eee8     +LDI R30 , LOW ( 0x3E8 )
0000da e0f3     +LDI R31 , HIGH ( 0x3E8 )
0000db e060     +LDI R22 , BYTE3 ( 0x3E8 )
0000dc e070     +LDI R23 , BYTE4 ( 0x3E8 )
                 	__GETD1N 0x3E8
0000dd d368      	RCALL __DIVD21
0000de 93e0 0135 	STS  _durasiMs,R30
0000e0 93f0 0136 	STS  _durasiMs+1,R31
0000e2 9360 0137 	STS  _durasiMs+2,R22
0000e4 9370 0138 	STS  _durasiMs+3,R23
                 ; 0000 003A       sprintf(bufferLcd,"Time = %5d ms",durasiMs);
0000e6 e3ed      	LDI  R30,LOW(_bufferLcd)
0000e7 e0f1      	LDI  R31,HIGH(_bufferLcd)
0000e8 d2a7      	RCALL SUBOPT_0x4
                +
0000e9 e6e0     +LDI R30 , LOW ( 2 * _0x0 + ( 34 ) )
0000ea e0f0     +LDI R31 , HIGH ( 2 * _0x0 + ( 34 ) )
                 	__POINTW1FN _0x0,34
0000eb d2a4      	RCALL SUBOPT_0x4
0000ec 91e0 0135 	LDS  R30,_durasiMs
0000ee 91f0 0136 	LDS  R31,_durasiMs+1
0000f0 9160 0137 	LDS  R22,_durasiMs+2
0000f2 9170 0138 	LDS  R23,_durasiMs+3
0000f4 d371      	RCALL __PUTPARD1
0000f5 e084      	LDI  R24,4
0000f6 d1af      	RCALL _sprintf
0000f7 9628      	ADIW R28,8
                 ; 0000 003B       lcd_clear();
0000f8 d214      	RCALL _lcd_clear
                 ; 0000 003C       lcd_gotoxy(0,0);
0000f9 d28d      	RCALL SUBOPT_0x1
0000fa d28c      	RCALL SUBOPT_0x1
0000fb d205      	RCALL _lcd_gotoxy
                 ; 0000 003D       lcd_puts("Viscometer      ");
                +
0000fc e0e2     +LDI R30 , LOW ( _0x5 + ( 0 ) )
0000fd e0f1     +LDI R31 , HIGH ( _0x5 + ( 0 ) )
                 	__POINTW1MN _0x5,0
0000fe d28b      	RCALL SUBOPT_0x2
                 ; 0000 003E       lcd_gotoxy(0,1);
0000ff d287      	RCALL SUBOPT_0x1
000100 d28c      	RCALL SUBOPT_0x3
                 ; 0000 003F       lcd_puts(bufferLcd);
000101 e3ed      	LDI  R30,LOW(_bufferLcd)
000102 e0f1      	LDI  R31,HIGH(_bufferLcd)
000103 d286      	RCALL SUBOPT_0x2
                 ; 0000 0040       startCount = 0;
000104 94e8      	CLT
000105 f820      	BLD  R2,0
                 ; 0000 0041    }
                 ; 0000 0042 }
                 _0x4:
                 _0xB:
000106 91e9      	LD   R30,Y+
000107 bfef      	OUT  SREG,R30
000108 91f9      	LD   R31,Y+
000109 91e9      	LD   R30,Y+
00010a 91b9      	LD   R27,Y+
00010b 91a9      	LD   R26,Y+
00010c 9199      	LD   R25,Y+
00010d 9189      	LD   R24,Y+
00010e 9179      	LD   R23,Y+
00010f 9169      	LD   R22,Y+
000110 90f9      	LD   R15,Y+
000111 9019      	LD   R1,Y+
000112 9009      	LD   R0,Y+
000113 9518      	RETI
                 
                 	.DSEG
                 _0x5:
000102           	.BYTE 0x11
                 ;
                 ;// Timer1 overflow interrupt service routine
                 ;interrupt [TIM1_OVF] void timer1_ovf_isr(void) {
                 ; 0000 0045 interrupt [9] void timer1_ovf_isr(void) {
                 
                 	.CSEG
                 _timer1_ovf_isr:
000114 93ea      	ST   -Y,R30
000115 93fa      	ST   -Y,R31
000116 b7ef      	IN   R30,SREG
000117 93ea      	ST   -Y,R30
                 ; 0000 0046    timerOverflow++;
000118 01f2      	MOVW R30,R4
000119 9631      	ADIW R30,1
00011a 012f      	MOVW R4,R30
                 ; 0000 0047 }
00011b 91e9      	LD   R30,Y+
00011c bfef      	OUT  SREG,R30
00011d 91f9      	LD   R31,Y+
00011e 91e9      	LD   R30,Y+
00011f 9518      	RETI
                 ;
                 ;// Declare your global variables here
                 ;
                 ;void main(void)
                 ; 0000 004C {
                 _main:
                 ; 0000 004D // Declare your local variables here
                 ; 0000 004E 
                 ; 0000 004F // Input/Output Ports initialization
                 ; 0000 0050 // Port A initialization
                 ; 0000 0051 // Func7=In Func6=In Func5=In Func4=In Func3=In Func2=In Func1=In Func0=In
                 ; 0000 0052 // State7=T State6=T State5=T State4=T State3=T State2=T State1=T State0=T
                 ; 0000 0053 PORTA=0x00;
000120 e0e0      	LDI  R30,LOW(0)
000121 bbeb      	OUT  0x1B,R30
                 ; 0000 0054 DDRA=0x00;
000122 bbea      	OUT  0x1A,R30
                 ; 0000 0055 
                 ; 0000 0056 // Port B initialization
                 ; 0000 0057 // Func7=In Func6=In Func5=In Func4=In Func3=In Func2=In Func1=In Func0=In
                 ; 0000 0058 // State7=T State6=T State5=T State4=T State3=T State2=T State1=T State0=T
                 ; 0000 0059 PORTB=0x00;
000123 bbe8      	OUT  0x18,R30
                 ; 0000 005A DDRB=0x00;
000124 bbe7      	OUT  0x17,R30
                 ; 0000 005B 
                 ; 0000 005C // Port C initialization
                 ; 0000 005D // Func7=In Func6=In Func5=In Func4=In Func3=In Func2=In Func1=In Func0=In
                 ; 0000 005E // State7=T State6=T State5=T State4=T State3=T State2=T State1=T State0=T
                 ; 0000 005F PORTC=0x00;
000125 bbe5      	OUT  0x15,R30
                 ; 0000 0060 DDRC=0x00;
000126 bbe4      	OUT  0x14,R30
                 ; 0000 0061 
                 ; 0000 0062 // Port D initialization
                 ; 0000 0063 // Func7=In Func6=In Func5=In Func4=In Func3=In Func2=In Func1=In Func0=In
                 ; 0000 0064 // State7=T State6=T State5=T State4=T State3=T State2=T State1=T State0=T
                 ; 0000 0065 PORTD=0x00;
000127 bbe2      	OUT  0x12,R30
                 ; 0000 0066 DDRD=0x00;
000128 bbe1      	OUT  0x11,R30
                 ; 0000 0067 
                 ; 0000 0068 // Timer/Counter 0 initialization
                 ; 0000 0069 // Clock source: System Clock
                 ; 0000 006A // Clock value: Timer 0 Stopped
                 ; 0000 006B // Mode: Normal top=0xFF
                 ; 0000 006C // OC0 output: Disconnected
                 ; 0000 006D TCCR0=0x00;
000129 bfe3      	OUT  0x33,R30
                 ; 0000 006E TCNT0=0x00;
00012a bfe2      	OUT  0x32,R30
                 ; 0000 006F OCR0=0x00;
00012b bfec      	OUT  0x3C,R30
                 ; 0000 0070 
                 ; 0000 0071 // Timer/Counter 1 initialization
                 ; 0000 0072 // Clock source: System Clock
                 ; 0000 0073 // Clock value: 15.625 kHz
                 ; 0000 0074 // Mode: Normal top=0xFFFF
                 ; 0000 0075 // OC1A output: Discon.
                 ; 0000 0076 // OC1B output: Discon.
                 ; 0000 0077 // Noise Canceler: Off
                 ; 0000 0078 // Input Capture on Falling Edge
                 ; 0000 0079 // Timer1 Overflow Interrupt: On
                 ; 0000 007A // Input Capture Interrupt: Off
                 ; 0000 007B // Compare A Match Interrupt: Off
                 ; 0000 007C // Compare B Match Interrupt: Off
                 ; 0000 007D TCCR1A=0x00;
00012c bdef      	OUT  0x2F,R30
                 ; 0000 007E TCCR1B=0x05;
00012d e0e5      	LDI  R30,LOW(5)
00012e bdee      	OUT  0x2E,R30
                 ; 0000 007F TCNT1H=0x00;
00012f e0e0      	LDI  R30,LOW(0)
000130 bded      	OUT  0x2D,R30
                 ; 0000 0080 TCNT1L=0x00;
000131 bdec      	OUT  0x2C,R30
                 ; 0000 0081 ICR1H=0x00;
000132 bde7      	OUT  0x27,R30
                 ; 0000 0082 ICR1L=0x00;
000133 bde6      	OUT  0x26,R30
                 ; 0000 0083 OCR1AH=0x00;
000134 bdeb      	OUT  0x2B,R30
                 ; 0000 0084 OCR1AL=0x00;
000135 bdea      	OUT  0x2A,R30
                 ; 0000 0085 OCR1BH=0x00;
000136 bde9      	OUT  0x29,R30
                 ; 0000 0086 OCR1BL=0x00;
000137 bde8      	OUT  0x28,R30
                 ; 0000 0087 
                 ; 0000 0088 // Timer/Counter 2 initialization
                 ; 0000 0089 // Clock source: System Clock
                 ; 0000 008A // Clock value: Timer2 Stopped
                 ; 0000 008B // Mode: Normal top=0xFF
                 ; 0000 008C // OC2 output: Disconnected
                 ; 0000 008D ASSR=0x00;
000138 bde2      	OUT  0x22,R30
                 ; 0000 008E TCCR2=0x00;
000139 bde5      	OUT  0x25,R30
                 ; 0000 008F TCNT2=0x00;
00013a bde4      	OUT  0x24,R30
                 ; 0000 0090 OCR2=0x00;
00013b bde3      	OUT  0x23,R30
                 ; 0000 0091 
                 ; 0000 0092 // External Interrupt(s) initialization
                 ; 0000 0093 // INT0: On
                 ; 0000 0094 // INT0 Mode: Rising Edge
                 ; 0000 0095 // INT1: On
                 ; 0000 0096 // INT1 Mode: Falling Edge
                 ; 0000 0097 // INT2: Off
                 ; 0000 0098 GICR|=0xC0;
00013c b7eb      	IN   R30,0x3B
00013d 6ce0      	ORI  R30,LOW(0xC0)
00013e bfeb      	OUT  0x3B,R30
                 ; 0000 0099 MCUCR=0x0B;
00013f e0eb      	LDI  R30,LOW(11)
000140 bfe5      	OUT  0x35,R30
                 ; 0000 009A MCUCSR=0x00;
000141 e0e0      	LDI  R30,LOW(0)
000142 bfe4      	OUT  0x34,R30
                 ; 0000 009B GIFR=0xC0;
000143 ece0      	LDI  R30,LOW(192)
000144 bfea      	OUT  0x3A,R30
                 ; 0000 009C 
                 ; 0000 009D // Timer(s)/Counter(s) Interrupt(s) initialization
                 ; 0000 009E TIMSK=0x04;
000145 e0e4      	LDI  R30,LOW(4)
000146 bfe9      	OUT  0x39,R30
                 ; 0000 009F 
                 ; 0000 00A0 // USART initialization
                 ; 0000 00A1 // USART disabled
                 ; 0000 00A2 UCSRB=0x00;
000147 e0e0      	LDI  R30,LOW(0)
000148 b9ea      	OUT  0xA,R30
                 ; 0000 00A3 
                 ; 0000 00A4 // Analog Comparator initialization
                 ; 0000 00A5 // Analog Comparator: Off
                 ; 0000 00A6 // Analog Comparator Input Capture by Timer/Counter 1: Off
                 ; 0000 00A7 ACSR=0x80;
000149 e8e0      	LDI  R30,LOW(128)
00014a b9e8      	OUT  0x8,R30
                 ; 0000 00A8 SFIOR=0x00;
00014b e0e0      	LDI  R30,LOW(0)
00014c bfe0      	OUT  0x30,R30
                 ; 0000 00A9 
                 ; 0000 00AA // ADC initialization
                 ; 0000 00AB // ADC disabled
                 ; 0000 00AC ADCSRA=0x00;
00014d b9e6      	OUT  0x6,R30
                 ; 0000 00AD 
                 ; 0000 00AE // SPI initialization
                 ; 0000 00AF // SPI disabled
                 ; 0000 00B0 SPCR=0x00;
00014e b9ed      	OUT  0xD,R30
                 ; 0000 00B1 
                 ; 0000 00B2 // TWI initialization
                 ; 0000 00B3 // TWI disabled
                 ; 0000 00B4 TWCR=0x00;
00014f bfe6      	OUT  0x36,R30
                 ; 0000 00B5 
                 ; 0000 00B6 // Alphanumeric LCD initialization
                 ; 0000 00B7 // Connections specified in the
                 ; 0000 00B8 // Project|Configure|C Compiler|Libraries|Alphanumeric LCD menu:
                 ; 0000 00B9 // RS - PORTA Bit 0
                 ; 0000 00BA // RD - PORTA Bit 1
                 ; 0000 00BB // EN - PORTA Bit 2
                 ; 0000 00BC // D4 - PORTA Bit 4
                 ; 0000 00BD // D5 - PORTA Bit 5
                 ; 0000 00BE // D6 - PORTA Bit 6
                 ; 0000 00BF // D7 - PORTA Bit 7
                 ; 0000 00C0 // Characters/line: 16
                 ; 0000 00C1 lcd_init(16);
000150 e1e0      	LDI  R30,LOW(16)
000151 93ea      	ST   -Y,R30
000152 d1e7      	RCALL _lcd_init
                 ; 0000 00C2 lcd_clear();
000153 d1b9      	RCALL _lcd_clear
                 ; 0000 00C3 lcd_gotoxy(0,0);
000154 d232      	RCALL SUBOPT_0x1
000155 d231      	RCALL SUBOPT_0x1
000156 d1aa      	RCALL _lcd_gotoxy
                 ; 0000 00C4 lcd_puts("Viscometer      ");
                +
000157 e1e3     +LDI R30 , LOW ( _0x6 + ( 0 ) )
000158 e0f1     +LDI R31 , HIGH ( _0x6 + ( 0 ) )
                 	__POINTW1MN _0x6,0
000159 d230      	RCALL SUBOPT_0x2
                 ; 0000 00C5 lcd_gotoxy(0,1);
00015a d22c      	RCALL SUBOPT_0x1
00015b d231      	RCALL SUBOPT_0x3
                 ; 0000 00C6 lcd_puts("Ready           ");
                +
00015c e2e4     +LDI R30 , LOW ( _0x6 + ( 17 ) )
00015d e0f1     +LDI R31 , HIGH ( _0x6 + ( 17 ) )
                 	__POINTW1MN _0x6,17
00015e d22b      	RCALL SUBOPT_0x2
                 ; 0000 00C7 
                 ; 0000 00C8 // Global enable interrupts
                 ; 0000 00C9 #asm("sei")
00015f 9478      	sei
                 ; 0000 00CA 
                 ; 0000 00CB while (1)
                 _0x7:
                 ; 0000 00CC       {
                 ; 0000 00CD       // Place your code here
                 ; 0000 00CE 
                 ; 0000 00CF       }
000160 cfff      	RJMP _0x7
                 ; 0000 00D0 }
                 _0xA:
000161 cfff      	RJMP _0xA
                 
                 	.DSEG
                 _0x6:
000113           	.BYTE 0x22
                 	#ifndef __SLEEP_DEFINED__
                 	#endif
                 
                 	.CSEG
                 _put_buff_G100:
000162 d30c      	RCALL __SAVELOCR2
000163 d22f      	RCALL SUBOPT_0x5
000164 9612      	ADIW R26,2
000165 d2f8      	RCALL __GETW1P
000166 9730      	SBIW R30,0
000167 f0f1      	BREQ _0x2000010
000168 d22a      	RCALL SUBOPT_0x5
000169 d22c      	RCALL SUBOPT_0x6
00016a 018f      	MOVW R16,R30
00016b 9730      	SBIW R30,0
00016c f061      	BREQ _0x2000012
                +
00016d 3002     +CPI R16 , LOW ( 2 )
00016e e0e0     +LDI R30 , HIGH ( 2 )
00016f 071e     +CPC R17 , R30
                 	__CPWRN 16,17,2
000170 f0a0      	BRLO _0x2000013
000171 01f8      	MOVW R30,R16
000172 9731      	SBIW R30,1
000173 018f      	MOVW R16,R30
                +
000174 81aa     +LDD R26 , Y + 2
000175 81bb     +LDD R27 , Y + 2 + 1
000176 9614     +ADIW R26 , 4
000177 93ed     +ST X + , R30
000178 93fc     +ST X , R31
                 	__PUTW1SNS 2,4
                 _0x2000012:
000179 d219      	RCALL SUBOPT_0x5
00017a 9612      	ADIW R26,2
00017b d21d      	RCALL SUBOPT_0x7
00017c 9731      	SBIW R30,1
00017d 81ac      	LDD  R26,Y+4
00017e 83a0      	STD  Z+0,R26
00017f d213      	RCALL SUBOPT_0x5
000180 d2dd      	RCALL __GETW1P
000181 23ff      	TST  R31
000182 f012      	BRMI _0x2000014
000183 d20f      	RCALL SUBOPT_0x5
000184 d214      	RCALL SUBOPT_0x7
                 _0x2000014:
                 _0x2000013:
000185 c005      	RJMP _0x2000015
                 _0x2000010:
000186 d20c      	RCALL SUBOPT_0x5
000187 efef      	LDI  R30,LOW(65535)
000188 efff      	LDI  R31,HIGH(65535)
000189 93ed      	ST   X+,R30
00018a 93fc      	ST   X,R31
                 _0x2000015:
00018b d2ea      	RCALL __LOADLOCR2
00018c 9625      	ADIW R28,5
00018d 9508      	RET
                 __print_G100:
00018e 9726      	SBIW R28,6
00018f d2db      	RCALL __SAVELOCR6
000190 e010      	LDI  R17,0
000191 85ac      	LDD  R26,Y+12
000192 85bd      	LDD  R27,Y+12+1
000193 e0e0      	LDI  R30,LOW(0)
000194 e0f0      	LDI  R31,HIGH(0)
000195 93ed      	ST   X+,R30
000196 93fc      	ST   X,R31
                 _0x2000016:
000197 89ea      	LDD  R30,Y+18
000198 89fb      	LDD  R31,Y+18+1
000199 9631      	ADIW R30,1
00019a 8bea      	STD  Y+18,R30
00019b 8bfb      	STD  Y+18+1,R31
00019c 9731      	SBIW R30,1
00019d 91e4      	LPM  R30,Z
00019e 2f2e      	MOV  R18,R30
00019f 30e0      	CPI  R30,0
0001a0 f409      	BRNE PC+2
0001a1 c0fe      	RJMP _0x2000018
0001a2 2fe1      	MOV  R30,R17
0001a3 30e0      	CPI  R30,0
0001a4 f431      	BRNE _0x200001C
0001a5 3225      	CPI  R18,37
0001a6 f411      	BRNE _0x200001D
0001a7 e011      	LDI  R17,LOW(1)
0001a8 c001      	RJMP _0x200001E
                 _0x200001D:
0001a9 d1f5      	RCALL SUBOPT_0x8
                 _0x200001E:
0001aa c0f4      	RJMP _0x200001B
                 _0x200001C:
0001ab 30e1      	CPI  R30,LOW(0x1)
0001ac f4a1      	BRNE _0x200001F
0001ad 3225      	CPI  R18,37
0001ae f411      	BRNE _0x2000020
0001af d1ef      	RCALL SUBOPT_0x8
0001b0 c0ed      	RJMP _0x20000C9
                 _0x2000020:
0001b1 e012      	LDI  R17,LOW(2)
0001b2 e040      	LDI  R20,LOW(0)
0001b3 e000      	LDI  R16,LOW(0)
0001b4 322d      	CPI  R18,45
0001b5 f411      	BRNE _0x2000021
0001b6 e001      	LDI  R16,LOW(1)
0001b7 c0e7      	RJMP _0x200001B
                 _0x2000021:
0001b8 322b      	CPI  R18,43
0001b9 f411      	BRNE _0x2000022
0001ba e24b      	LDI  R20,LOW(43)
0001bb c0e3      	RJMP _0x200001B
                 _0x2000022:
0001bc 3220      	CPI  R18,32
0001bd f411      	BRNE _0x2000023
0001be e240      	LDI  R20,LOW(32)
0001bf c0df      	RJMP _0x200001B
                 _0x2000023:
0001c0 c002      	RJMP _0x2000024
                 _0x200001F:
0001c1 30e2      	CPI  R30,LOW(0x2)
0001c2 f439      	BRNE _0x2000025
                 _0x2000024:
0001c3 e050      	LDI  R21,LOW(0)
0001c4 e013      	LDI  R17,LOW(3)
0001c5 3320      	CPI  R18,48
0001c6 f411      	BRNE _0x2000026
0001c7 6800      	ORI  R16,LOW(128)
0001c8 c0d6      	RJMP _0x200001B
                 _0x2000026:
0001c9 c003      	RJMP _0x2000027
                 _0x2000025:
0001ca 30e3      	CPI  R30,LOW(0x3)
0001cb f009      	BREQ PC+2
0001cc c0d2      	RJMP _0x200001B
                 _0x2000027:
0001cd 3320      	CPI  R18,48
0001ce f010      	BRLO _0x200002A
0001cf 332a      	CPI  R18,58
0001d0 f008      	BRLO _0x200002B
                 _0x200002A:
0001d1 c007      	RJMP _0x2000029
                 _0x200002B:
0001d2 e0aa      	LDI  R26,LOW(10)
0001d3 9f5a      	MUL  R21,R26
0001d4 2d50      	MOV  R21,R0
0001d5 2fe2      	MOV  R30,R18
0001d6 53e0      	SUBI R30,LOW(48)
0001d7 0f5e      	ADD  R21,R30
0001d8 c0c6      	RJMP _0x200001B
                 _0x2000029:
0001d9 2fe2      	MOV  R30,R18
0001da 36e3      	CPI  R30,LOW(0x63)
0001db f439      	BRNE _0x200002F
0001dc d1ca      	RCALL SUBOPT_0x9
0001dd d1cc      	RCALL SUBOPT_0xA
0001de d1c8      	RCALL SUBOPT_0x9
0001df 81a4      	LDD  R26,Z+4
0001e0 93aa      	ST   -Y,R26
0001e1 d1cc      	RCALL SUBOPT_0xB
0001e2 c0bb      	RJMP _0x2000030
                 _0x200002F:
0001e3 37e3      	CPI  R30,LOW(0x73)
0001e4 f431      	BRNE _0x2000032
0001e5 d1cf      	RCALL SUBOPT_0xC
0001e6 d1d0      	RCALL SUBOPT_0xD
0001e7 d1d2      	RCALL SUBOPT_0xE
0001e8 d17b      	RCALL _strlen
0001e9 2f1e      	MOV  R17,R30
0001ea c008      	RJMP _0x2000033
                 _0x2000032:
0001eb 37e0      	CPI  R30,LOW(0x70)
0001ec f451      	BRNE _0x2000035
0001ed d1c7      	RCALL SUBOPT_0xC
0001ee d1c8      	RCALL SUBOPT_0xD
0001ef d1ca      	RCALL SUBOPT_0xE
0001f0 d17d      	RCALL _strlenf
0001f1 2f1e      	MOV  R17,R30
0001f2 6008      	ORI  R16,LOW(8)
                 _0x2000033:
0001f3 6002      	ORI  R16,LOW(2)
0001f4 770f      	ANDI R16,LOW(127)
0001f5 e030      	LDI  R19,LOW(0)
0001f6 c02e      	RJMP _0x2000036
                 _0x2000035:
0001f7 36e4      	CPI  R30,LOW(0x64)
0001f8 f011      	BREQ _0x2000039
0001f9 36e9      	CPI  R30,LOW(0x69)
0001fa f411      	BRNE _0x200003A
                 _0x2000039:
0001fb 6004      	ORI  R16,LOW(4)
0001fc c002      	RJMP _0x200003B
                 _0x200003A:
0001fd 37e5      	CPI  R30,LOW(0x75)
0001fe f429      	BRNE _0x200003C
                 _0x200003B:
0001ff e2ea      	LDI  R30,LOW(_tbl10_G100*2)
000200 e0f0      	LDI  R31,HIGH(_tbl10_G100*2)
000201 d1bb      	RCALL SUBOPT_0xF
000202 e015      	LDI  R17,LOW(5)
000203 c00b      	RJMP _0x200003D
                 _0x200003C:
000204 35e8      	CPI  R30,LOW(0x58)
000205 f411      	BRNE _0x200003F
000206 6008      	ORI  R16,LOW(8)
000207 c003      	RJMP _0x2000040
                 _0x200003F:
000208 37e8      	CPI  R30,LOW(0x78)
000209 f009      	BREQ PC+2
00020a c093      	RJMP _0x2000071
                 _0x2000040:
00020b e3e4      	LDI  R30,LOW(_tbl16_G100*2)
00020c e0f0      	LDI  R31,HIGH(_tbl16_G100*2)
00020d d1af      	RCALL SUBOPT_0xF
00020e e014      	LDI  R17,LOW(4)
                 _0x200003D:
00020f ff02      	SBRS R16,2
000210 c011      	RJMP _0x2000042
000211 d1a3      	RCALL SUBOPT_0xC
000212 d1a4      	RCALL SUBOPT_0xD
000213 d1ac      	RCALL SUBOPT_0x10
000214 85ab      	LDD  R26,Y+11
000215 23aa      	TST  R26
000216 f42a      	BRPL _0x2000043
000217 85ea      	LDD  R30,Y+10
000218 85fb      	LDD  R31,Y+10+1
000219 d1d6      	RCALL __ANEGW1
00021a d1a5      	RCALL SUBOPT_0x10
00021b e24d      	LDI  R20,LOW(45)
                 _0x2000043:
00021c 3040      	CPI  R20,0
00021d f011      	BREQ _0x2000044
00021e 5f1f      	SUBI R17,-LOW(1)
00021f c001      	RJMP _0x2000045
                 _0x2000044:
000220 7f0b      	ANDI R16,LOW(251)
                 _0x2000045:
000221 c003      	RJMP _0x2000046
                 _0x2000042:
000222 d192      	RCALL SUBOPT_0xC
000223 d193      	RCALL SUBOPT_0xD
000224 d19b      	RCALL SUBOPT_0x10
                 _0x2000046:
                 _0x2000036:
000225 fd00      	SBRC R16,0
000226 c010      	RJMP _0x2000047
                 _0x2000048:
000227 1715      	CP   R17,R21
000228 f470      	BRSH _0x200004A
000229 ff07      	SBRS R16,7
00022a c008      	RJMP _0x200004B
00022b ff02      	SBRS R16,2
00022c c004      	RJMP _0x200004C
00022d 7f0b      	ANDI R16,LOW(251)
00022e 2f24      	MOV  R18,R20
00022f 5011      	SUBI R17,LOW(1)
000230 c001      	RJMP _0x200004D
                 _0x200004C:
000231 e320      	LDI  R18,LOW(48)
                 _0x200004D:
000232 c001      	RJMP _0x200004E
                 _0x200004B:
000233 e220      	LDI  R18,LOW(32)
                 _0x200004E:
000234 d16a      	RCALL SUBOPT_0x8
000235 5051      	SUBI R21,LOW(1)
000236 cff0      	RJMP _0x2000048
                 _0x200004A:
                 _0x2000047:
000237 2f31      	MOV  R19,R17
000238 ff01      	SBRS R16,1
000239 c015      	RJMP _0x200004F
                 _0x2000050:
00023a 3030      	CPI  R19,0
00023b f091      	BREQ _0x2000052
00023c ff03      	SBRS R16,3
00023d c005      	RJMP _0x2000053
00023e 81ee      	LDD  R30,Y+6
00023f 81ff      	LDD  R31,Y+6+1
000240 9125      	LPM  R18,Z+
000241 d17b      	RCALL SUBOPT_0xF
000242 c005      	RJMP _0x2000054
                 _0x2000053:
000243 81ae      	LDD  R26,Y+6
000244 81bf      	LDD  R27,Y+6+1
000245 912d      	LD   R18,X+
000246 83ae      	STD  Y+6,R26
000247 83bf      	STD  Y+6+1,R27
                 _0x2000054:
000248 d156      	RCALL SUBOPT_0x8
000249 3050      	CPI  R21,0
00024a f009      	BREQ _0x2000055
00024b 5051      	SUBI R21,LOW(1)
                 _0x2000055:
00024c 5031      	SUBI R19,LOW(1)
00024d cfec      	RJMP _0x2000050
                 _0x2000052:
00024e c046      	RJMP _0x2000056
                 _0x200004F:
                 _0x2000058:
00024f e320      	LDI  R18,LOW(48)
000250 81ee      	LDD  R30,Y+6
000251 81ff      	LDD  R31,Y+6+1
000252 d20f      	RCALL __GETW1PF
000253 87e8      	STD  Y+8,R30
000254 87f9      	STD  Y+8+1,R31
000255 81ee      	LDD  R30,Y+6
000256 81ff      	LDD  R31,Y+6+1
000257 9632      	ADIW R30,2
000258 d164      	RCALL SUBOPT_0xF
                 _0x200005A:
000259 85e8      	LDD  R30,Y+8
00025a 85f9      	LDD  R31,Y+8+1
00025b 85aa      	LDD  R26,Y+10
00025c 85bb      	LDD  R27,Y+10+1
00025d 17ae      	CP   R26,R30
00025e 07bf      	CPC  R27,R31
00025f f048      	BRLO _0x200005C
000260 5f2f      	SUBI R18,-LOW(1)
000261 85a8      	LDD  R26,Y+8
000262 85b9      	LDD  R27,Y+8+1
000263 85ea      	LDD  R30,Y+10
000264 85fb      	LDD  R31,Y+10+1
000265 1bea      	SUB  R30,R26
000266 0bfb      	SBC  R31,R27
000267 d158      	RCALL SUBOPT_0x10
000268 cff0      	RJMP _0x200005A
                 _0x200005C:
000269 332a      	CPI  R18,58
00026a f028      	BRLO _0x200005D
00026b ff03      	SBRS R16,3
00026c c002      	RJMP _0x200005E
00026d 5f29      	SUBI R18,-LOW(7)
00026e c001      	RJMP _0x200005F
                 _0x200005E:
00026f 5d29      	SUBI R18,-LOW(39)
                 _0x200005F:
                 _0x200005D:
000270 fd04      	SBRC R16,4
000271 c019      	RJMP _0x2000061
000272 3321      	CPI  R18,49
000273 f420      	BRSH _0x2000063
000274 85a8      	LDD  R26,Y+8
000275 85b9      	LDD  R27,Y+8+1
000276 9711      	SBIW R26,1
000277 f409      	BRNE _0x2000062
                 _0x2000063:
000278 c009      	RJMP _0x20000CA
                 _0x2000062:
000279 1753      	CP   R21,R19
00027a f010      	BRLO _0x2000067
00027b ff00      	SBRS R16,0
00027c c001      	RJMP _0x2000068
                 _0x2000067:
00027d c011      	RJMP _0x2000066
                 _0x2000068:
00027e e220      	LDI  R18,LOW(32)
00027f ff07      	SBRS R16,7
000280 c00a      	RJMP _0x2000069
000281 e320      	LDI  R18,LOW(48)
                 _0x20000CA:
000282 6100      	ORI  R16,LOW(16)
000283 ff02      	SBRS R16,2
000284 c006      	RJMP _0x200006A
000285 7f0b      	ANDI R16,LOW(251)
000286 934a      	ST   -Y,R20
000287 d126      	RCALL SUBOPT_0xB
000288 3050      	CPI  R21,0
000289 f009      	BREQ _0x200006B
00028a 5051      	SUBI R21,LOW(1)
                 _0x200006B:
                 _0x200006A:
                 _0x2000069:
                 _0x2000061:
00028b d113      	RCALL SUBOPT_0x8
00028c 3050      	CPI  R21,0
00028d f009      	BREQ _0x200006C
00028e 5051      	SUBI R21,LOW(1)
                 _0x200006C:
                 _0x2000066:
00028f 5031      	SUBI R19,LOW(1)
000290 85a8      	LDD  R26,Y+8
000291 85b9      	LDD  R27,Y+8+1
000292 9712      	SBIW R26,2
000293 f008      	BRLO _0x2000059
000294 cfba      	RJMP _0x2000058
                 _0x2000059:
                 _0x2000056:
000295 ff00      	SBRS R16,0
000296 c007      	RJMP _0x200006D
                 _0x200006E:
000297 3050      	CPI  R21,0
000298 f029      	BREQ _0x2000070
000299 5051      	SUBI R21,LOW(1)
00029a e2e0      	LDI  R30,LOW(32)
00029b 93ea      	ST   -Y,R30
00029c d111      	RCALL SUBOPT_0xB
00029d cff9      	RJMP _0x200006E
                 _0x2000070:
                 _0x200006D:
                 _0x2000071:
                 _0x2000030:
                 _0x20000C9:
00029e e010      	LDI  R17,LOW(0)
                 _0x200001B:
00029f cef7      	RJMP _0x2000016
                 _0x2000018:
0002a0 85ac      	LDD  R26,Y+12
0002a1 85bd      	LDD  R27,Y+12+1
0002a2 d1bb      	RCALL __GETW1P
0002a3 d1ce      	RCALL __LOADLOCR6
0002a4 9664      	ADIW R28,20
0002a5 9508      	RET
                 _sprintf:
0002a6 92ff      	PUSH R15
0002a7 2ef8      	MOV  R15,R24
0002a8 9726      	SBIW R28,6
0002a9 d1c3      	RCALL __SAVELOCR4
0002aa d118      	RCALL SUBOPT_0x11
0002ab 9730      	SBIW R30,0
0002ac f419      	BRNE _0x2000072
0002ad efef      	LDI  R30,LOW(65535)
0002ae efff      	LDI  R31,HIGH(65535)
0002af c01d      	RJMP _0x2080002
                 _0x2000072:
0002b0 01de      	MOVW R26,R28
0002b1 9616      	ADIW R26,6
0002b2 d134      	RCALL __ADDW2R15
0002b3 018d      	MOVW R16,R26
0002b4 d10e      	RCALL SUBOPT_0x11
0002b5 d107      	RCALL SUBOPT_0xF
0002b6 e0e0      	LDI  R30,LOW(0)
0002b7 87e8      	STD  Y+8,R30
0002b8 87e9      	STD  Y+8+1,R30
0002b9 01de      	MOVW R26,R28
0002ba 961a      	ADIW R26,10
0002bb d12b      	RCALL __ADDW2R15
0002bc d1a1      	RCALL __GETW1P
0002bd d0d2      	RCALL SUBOPT_0x4
0002be 931a      	ST   -Y,R17
0002bf 930a      	ST   -Y,R16
0002c0 e6e2      	LDI  R30,LOW(_put_buff_G100)
0002c1 e0f1      	LDI  R31,HIGH(_put_buff_G100)
0002c2 d0cd      	RCALL SUBOPT_0x4
0002c3 01fe      	MOVW R30,R28
0002c4 963a      	ADIW R30,10
0002c5 d0ca      	RCALL SUBOPT_0x4
0002c6 dec7      	RCALL __print_G100
0002c7 019f      	MOVW R18,R30
0002c8 81ae      	LDD  R26,Y+6
0002c9 81bf      	LDD  R27,Y+6+1
0002ca e0e0      	LDI  R30,LOW(0)
0002cb 93ec      	ST   X,R30
0002cc 01f9      	MOVW R30,R18
                 _0x2080002:
0002cd d1a6      	RCALL __LOADLOCR4
0002ce 962a      	ADIW R28,10
0002cf 90ff      	POP  R15
0002d0 9508      	RET
                 	#ifndef __SLEEP_DEFINED__
                 	#endif
                 
                 	.DSEG
                 
                 	.CSEG
                 __lcd_write_nibble_G101:
0002d1 81e8      	LD   R30,Y
0002d2 71e0      	ANDI R30,LOW(0x10)
0002d3 f011      	BREQ _0x2020004
0002d4 9adc      	SBI  0x1B,4
0002d5 c001      	RJMP _0x2020005
                 _0x2020004:
0002d6 98dc      	CBI  0x1B,4
                 _0x2020005:
0002d7 81e8      	LD   R30,Y
0002d8 72e0      	ANDI R30,LOW(0x20)
0002d9 f011      	BREQ _0x2020006
0002da 9add      	SBI  0x1B,5
0002db c001      	RJMP _0x2020007
                 _0x2020006:
0002dc 98dd      	CBI  0x1B,5
                 _0x2020007:
0002dd 81e8      	LD   R30,Y
0002de 74e0      	ANDI R30,LOW(0x40)
0002df f011      	BREQ _0x2020008
0002e0 9ade      	SBI  0x1B,6
0002e1 c001      	RJMP _0x2020009
                 _0x2020008:
0002e2 98de      	CBI  0x1B,6
                 _0x2020009:
0002e3 81e8      	LD   R30,Y
0002e4 78e0      	ANDI R30,LOW(0x80)
0002e5 f011      	BREQ _0x202000A
0002e6 9adf      	SBI  0x1B,7
0002e7 c001      	RJMP _0x202000B
                 _0x202000A:
0002e8 98df      	CBI  0x1B,7
                 _0x202000B:
                +
0002e9 e08b     +LDI R24 , LOW ( 11 )
                +__DELAY_USB_LOOP :
0002ea 958a     +DEC R24
0002eb f7f1     +BRNE __DELAY_USB_LOOP
                 	__DELAY_USB 11
0002ec 9ada      	SBI  0x1B,2
                +
0002ed e18b     +LDI R24 , LOW ( 27 )
                +__DELAY_USB_LOOP :
0002ee 958a     +DEC R24
0002ef f7f1     +BRNE __DELAY_USB_LOOP
                 	__DELAY_USB 27
0002f0 98da      	CBI  0x1B,2
                +
0002f1 e18b     +LDI R24 , LOW ( 27 )
                +__DELAY_USB_LOOP :
0002f2 958a     +DEC R24
0002f3 f7f1     +BRNE __DELAY_USB_LOOP
                 	__DELAY_USB 27
0002f4 c06d      	RJMP _0x2080001
                 __lcd_write_data:
0002f5 81e8      	LD   R30,Y
0002f6 d0d1      	RCALL SUBOPT_0x12
0002f7 81e8          ld    r30,y
0002f8 95e2          swap  r30
0002f9 83e8          st    y,r30
0002fa 81e8      	LD   R30,Y
0002fb d0cc      	RCALL SUBOPT_0x12
                +
0002fc ec88     +LDI R24 , LOW ( 200 )
0002fd e090     +LDI R25 , HIGH ( 200 )
                +__DELAY_USW_LOOP :
0002fe 9701     +SBIW R24 , 1
0002ff f7f1     +BRNE __DELAY_USW_LOOP
                 	__DELAY_USW 200
000300 c061      	RJMP _0x2080001
                 _lcd_gotoxy:
000301 81e8      	LD   R30,Y
000302 e0f0      	LDI  R31,0
000303 5be3      	SUBI R30,LOW(-__base_y_G101)
000304 4ffe      	SBCI R31,HIGH(-__base_y_G101)
000305 81e0      	LD   R30,Z
000306 81a9      	LDD  R26,Y+1
000307 0fea      	ADD  R30,R26
000308 d0c1      	RCALL SUBOPT_0x13
000309 8079      	LDD  R7,Y+1
00030a 8068      	LDD  R6,Y+0
00030b 9622      	ADIW R28,2
00030c 9508      	RET
                 _lcd_clear:
00030d e0e2      	LDI  R30,LOW(2)
00030e d0bb      	RCALL SUBOPT_0x13
00030f d0bc      	RCALL SUBOPT_0x14
000310 e0ec      	LDI  R30,LOW(12)
000311 d0b8      	RCALL SUBOPT_0x13
000312 e0e1      	LDI  R30,LOW(1)
000313 d0b6      	RCALL SUBOPT_0x13
000314 d0b7      	RCALL SUBOPT_0x14
000315 e0e0      	LDI  R30,LOW(0)
000316 2e6e      	MOV  R6,R30
000317 2e7e      	MOV  R7,R30
000318 9508      	RET
                 _lcd_putchar:
000319 81a8      	LD   R26,Y
00031a 30aa      	CPI  R26,LOW(0xA)
00031b f011      	BREQ _0x2020011
00031c 1479      	CP   R7,R9
00031d f038      	BRLO _0x2020010
                 _0x2020011:
00031e d068      	RCALL SUBOPT_0x1
00031f 9463      	INC  R6
000320 926a      	ST   -Y,R6
000321 dfdf      	RCALL _lcd_gotoxy
000322 81a8      	LD   R26,Y
000323 30aa      	CPI  R26,LOW(0xA)
000324 f1e9      	BREQ _0x2080001
                 _0x2020010:
000325 9473      	INC  R7
000326 9ad8      	SBI  0x1B,0
000327 81e8      	LD   R30,Y
000328 d0a1      	RCALL SUBOPT_0x13
000329 98d8      	CBI  0x1B,0
00032a c037      	RJMP _0x2080001
                 _lcd_puts:
00032b 931a      	ST   -Y,R17
                 _0x2020014:
00032c 81a9      	LDD  R26,Y+1
00032d 81ba      	LDD  R27,Y+1+1
00032e 91ed      	LD   R30,X+
00032f 83a9      	STD  Y+1,R26
000330 83ba      	STD  Y+1+1,R27
000331 2f1e      	MOV  R17,R30
000332 30e0      	CPI  R30,0
000333 f019      	BREQ _0x2020016
000334 931a      	ST   -Y,R17
000335 dfe3      	RCALL _lcd_putchar
000336 cff5      	RJMP _0x2020014
                 _0x2020016:
000337 8118      	LDD  R17,Y+0
000338 9623      	ADIW R28,3
000339 9508      	RET
                 _lcd_init:
00033a 9ad4      	SBI  0x1A,4
00033b 9ad5      	SBI  0x1A,5
00033c 9ad6      	SBI  0x1A,6
00033d 9ad7      	SBI  0x1A,7
00033e 9ad2      	SBI  0x1A,2
00033f 9ad0      	SBI  0x1A,0
000340 9ad1      	SBI  0x1A,1
000341 98da      	CBI  0x1B,2
000342 98d8      	CBI  0x1B,0
000343 98d9      	CBI  0x1B,1
000344 8098      	LDD  R9,Y+0
000345 81e8      	LD   R30,Y
000346 58e0      	SUBI R30,-LOW(128)
                +
000347 93e0 014f+STS __base_y_G101 + ( 2 ) , R30
                 	__PUTB1MN __base_y_G101,2
000349 81e8      	LD   R30,Y
00034a 54e0      	SUBI R30,-LOW(192)
                +
00034b 93e0 0150+STS __base_y_G101 + ( 3 ) , R30
                 	__PUTB1MN __base_y_G101,3
00034d e1e4      	LDI  R30,LOW(20)
00034e e0f0      	LDI  R31,HIGH(20)
00034f d040      	RCALL SUBOPT_0x4
000350 d08a      	RCALL _delay_ms
000351 e3e0      	LDI  R30,LOW(48)
000352 d075      	RCALL SUBOPT_0x12
000353 d07c      	RCALL SUBOPT_0x15
000354 d07b      	RCALL SUBOPT_0x15
000355 d080      	RCALL SUBOPT_0x16
000356 e2e0      	LDI  R30,LOW(32)
000357 d070      	RCALL SUBOPT_0x12
000358 d07d      	RCALL SUBOPT_0x16
000359 e2e8      	LDI  R30,LOW(40)
00035a d06f      	RCALL SUBOPT_0x13
00035b e0e4      	LDI  R30,LOW(4)
00035c d06d      	RCALL SUBOPT_0x13
00035d e8e5      	LDI  R30,LOW(133)
00035e d06b      	RCALL SUBOPT_0x13
00035f e0e6      	LDI  R30,LOW(6)
000360 d069      	RCALL SUBOPT_0x13
000361 dfab      	RCALL _lcd_clear
                 _0x2080001:
000362 9621      	ADIW R28,1
000363 9508      	RET
                 
                 	.CSEG
                 
                 	.CSEG
                 _strlen:
000364 91a9          ld   r26,y+
000365 91b9          ld   r27,y+
000366 27ee          clr  r30
000367 27ff          clr  r31
                 strlen0:
000368 916d          ld   r22,x+
000369 2366          tst  r22
00036a f011          breq strlen1
00036b 9631          adiw r30,1
00036c cffb          rjmp strlen0
                 strlen1:
00036d 9508          ret
                 _strlenf:
00036e 27aa          clr  r26
00036f 27bb          clr  r27
000370 91e9          ld   r30,y+
000371 91f9          ld   r31,y+
                 strlenf0:
000372 9005      	lpm  r0,z+
000373 2000          tst  r0
000374 f011          breq strlenf1
000375 9611          adiw r26,1
000376 cffb          rjmp strlenf0
                 strlenf1:
000377 01fd          movw r30,r26
000378 9508          ret
                 
                 	.DSEG
                 _durasiMs:
000135           	.BYTE 0x4
                 _durasiUs:
000139           	.BYTE 0x4
                 _bufferLcd:
00013d           	.BYTE 0x10
                 __base_y_G101:
00014d           	.BYTE 0x4
                 
                 	.CSEG
                 ;OPTIMIZER ADDED SUBROUTINE, CALLED 2 TIMES, CODE SIZE REDUCTION:10 WORDS
                 SUBOPT_0x0:
000379 920a      	ST   -Y,R0
00037a 921a      	ST   -Y,R1
00037b 92fa      	ST   -Y,R15
00037c 936a      	ST   -Y,R22
00037d 937a      	ST   -Y,R23
00037e 938a      	ST   -Y,R24
00037f 939a      	ST   -Y,R25
000380 93aa      	ST   -Y,R26
000381 93ba      	ST   -Y,R27
000382 93ea      	ST   -Y,R30
000383 93fa      	ST   -Y,R31
000384 b7ef      	IN   R30,SREG
000385 93ea      	ST   -Y,R30
000386 9508      	RET
                 
                 ;OPTIMIZER ADDED SUBROUTINE, CALLED 10 TIMES, CODE SIZE REDUCTION:7 WORDS
                 SUBOPT_0x1:
000387 e0e0      	LDI  R30,LOW(0)
000388 93ea      	ST   -Y,R30
000389 9508      	RET
                 
                 ;OPTIMIZER ADDED SUBROUTINE, CALLED 6 TIMES, CODE SIZE REDUCTION:8 WORDS
                 SUBOPT_0x2:
00038a 93fa      	ST   -Y,R31
00038b 93ea      	ST   -Y,R30
00038c cf9e      	RJMP _lcd_puts
                 
                 ;OPTIMIZER ADDED SUBROUTINE, CALLED 3 TIMES, CODE SIZE REDUCTION:2 WORDS
                 SUBOPT_0x3:
00038d e0e1      	LDI  R30,LOW(1)
00038e 93ea      	ST   -Y,R30
00038f cf71      	RJMP _lcd_gotoxy
                 
                 ;OPTIMIZER ADDED SUBROUTINE, CALLED 18 TIMES, CODE SIZE REDUCTION:15 WORDS
                 SUBOPT_0x4:
000390 93fa      	ST   -Y,R31
000391 93ea      	ST   -Y,R30
000392 9508      	RET
                 
                 ;OPTIMIZER ADDED SUBROUTINE, CALLED 6 TIMES, CODE SIZE REDUCTION:3 WORDS
                 SUBOPT_0x5:
000393 81aa      	LDD  R26,Y+2
000394 81bb      	LDD  R27,Y+2+1
000395 9508      	RET
                 
                 ;OPTIMIZER ADDED SUBROUTINE, CALLED 5 TIMES, CODE SIZE REDUCTION:2 WORDS
                 SUBOPT_0x6:
000396 9614      	ADIW R26,4
000397 d0c6      	RCALL __GETW1P
000398 9508      	RET
                 
                 ;OPTIMIZER ADDED SUBROUTINE, CALLED 2 TIMES, CODE SIZE REDUCTION:2 WORDS
                 SUBOPT_0x7:
000399 91ed      	LD   R30,X+
00039a 91fd      	LD   R31,X+
00039b 9631      	ADIW R30,1
00039c 93fe      	ST   -X,R31
00039d 93ee      	ST   -X,R30
00039e 9508      	RET
                 
                 ;OPTIMIZER ADDED SUBROUTINE, CALLED 5 TIMES, CODE SIZE REDUCTION:22 WORDS
                 SUBOPT_0x8:
00039f 932a      	ST   -Y,R18
0003a0 85ed      	LDD  R30,Y+13
0003a1 85fe      	LDD  R31,Y+13+1
0003a2 dfed      	RCALL SUBOPT_0x4
0003a3 89e9      	LDD  R30,Y+17
0003a4 89fa      	LDD  R31,Y+17+1
0003a5 9509      	ICALL
0003a6 9508      	RET
                 
                 ;OPTIMIZER ADDED SUBROUTINE, CALLED 6 TIMES, CODE SIZE REDUCTION:3 WORDS
                 SUBOPT_0x9:
0003a7 89e8      	LDD  R30,Y+16
0003a8 89f9      	LDD  R31,Y+16+1
0003a9 9508      	RET
                 
                 ;OPTIMIZER ADDED SUBROUTINE, CALLED 5 TIMES, CODE SIZE REDUCTION:6 WORDS
                 SUBOPT_0xA:
0003aa 9734      	SBIW R30,4
0003ab 8be8      	STD  Y+16,R30
0003ac 8bf9      	STD  Y+16+1,R31
0003ad 9508      	RET
                 
                 ;OPTIMIZER ADDED SUBROUTINE, CALLED 3 TIMES, CODE SIZE REDUCTION:8 WORDS
                 SUBOPT_0xB:
0003ae 85ed      	LDD  R30,Y+13
0003af 85fe      	LDD  R31,Y+13+1
0003b0 dfdf      	RCALL SUBOPT_0x4
0003b1 89e9      	LDD  R30,Y+17
0003b2 89fa      	LDD  R31,Y+17+1
0003b3 9509      	ICALL
0003b4 9508      	RET
                 
                 ;OPTIMIZER ADDED SUBROUTINE, CALLED 4 TIMES, CODE SIZE REDUCTION:1 WORDS
                 SUBOPT_0xC:
0003b5 dff1      	RCALL SUBOPT_0x9
0003b6 cff3      	RJMP SUBOPT_0xA
                 
                 ;OPTIMIZER ADDED SUBROUTINE, CALLED 4 TIMES, CODE SIZE REDUCTION:4 WORDS
                 SUBOPT_0xD:
0003b7 89a8      	LDD  R26,Y+16
0003b8 89b9      	LDD  R27,Y+16+1
0003b9 cfdc      	RJMP SUBOPT_0x6
                 
                 ;OPTIMIZER ADDED SUBROUTINE, CALLED 2 TIMES, CODE SIZE REDUCTION:2 WORDS
                 SUBOPT_0xE:
0003ba 83ee      	STD  Y+6,R30
0003bb 83ff      	STD  Y+6+1,R31
0003bc cfd3      	RJMP SUBOPT_0x4
                 
                 ;OPTIMIZER ADDED SUBROUTINE, CALLED 5 TIMES, CODE SIZE REDUCTION:2 WORDS
                 SUBOPT_0xF:
0003bd 83ee      	STD  Y+6,R30
0003be 83ff      	STD  Y+6+1,R31
0003bf 9508      	RET
                 
                 ;OPTIMIZER ADDED SUBROUTINE, CALLED 4 TIMES, CODE SIZE REDUCTION:1 WORDS
                 SUBOPT_0x10:
0003c0 87ea      	STD  Y+10,R30
0003c1 87fb      	STD  Y+10+1,R31
0003c2 9508      	RET
                 
                 ;OPTIMIZER ADDED SUBROUTINE, CALLED 2 TIMES, CODE SIZE REDUCTION:1 WORDS
                 SUBOPT_0x11:
0003c3 01de      	MOVW R26,R28
0003c4 961c      	ADIW R26,12
0003c5 d021      	RCALL __ADDW2R15
0003c6 d097      	RCALL __GETW1P
0003c7 9508      	RET
                 
                 ;OPTIMIZER ADDED SUBROUTINE, CALLED 6 TIMES, CODE SIZE REDUCTION:3 WORDS
                 SUBOPT_0x12:
0003c8 93ea      	ST   -Y,R30
0003c9 cf07      	RJMP __lcd_write_nibble_G101
                 
                 ;OPTIMIZER ADDED SUBROUTINE, CALLED 9 TIMES, CODE SIZE REDUCTION:6 WORDS
                 SUBOPT_0x13:
0003ca 93ea      	ST   -Y,R30
0003cb cf29      	RJMP __lcd_write_data
                 
                 ;OPTIMIZER ADDED SUBROUTINE, CALLED 2 TIMES, CODE SIZE REDUCTION:1 WORDS
                 SUBOPT_0x14:
0003cc e0e3      	LDI  R30,LOW(3)
0003cd e0f0      	LDI  R31,HIGH(3)
0003ce dfc1      	RCALL SUBOPT_0x4
0003cf c00b      	RJMP _delay_ms
                 
                 ;OPTIMIZER ADDED SUBROUTINE, CALLED 2 TIMES, CODE SIZE REDUCTION:3 WORDS
                 SUBOPT_0x15:
                +
0003d0 e980     +LDI R24 , LOW ( 400 )
0003d1 e091     +LDI R25 , HIGH ( 400 )
                +__DELAY_USW_LOOP :
0003d2 9701     +SBIW R24 , 1
0003d3 f7f1     +BRNE __DELAY_USW_LOOP
                 	__DELAY_USW 400
0003d4 e3e0      	LDI  R30,LOW(48)
0003d5 cff2      	RJMP SUBOPT_0x12
                 
                 ;OPTIMIZER ADDED SUBROUTINE, CALLED 2 TIMES, CODE SIZE REDUCTION:1 WORDS
                 SUBOPT_0x16:
                +
0003d6 e980     +LDI R24 , LOW ( 400 )
0003d7 e091     +LDI R25 , HIGH ( 400 )
                +__DELAY_USW_LOOP :
0003d8 9701     +SBIW R24 , 1
0003d9 f7f1     +BRNE __DELAY_USW_LOOP
                 	__DELAY_USW 400
0003da 9508      	RET
                 
                 
                 	.CSEG
                 _delay_ms:
0003db 91e9      	ld   r30,y+
0003dc 91f9      	ld   r31,y+
0003dd 9630      	adiw r30,0
0003de f039      	breq __delay_ms1
                 __delay_ms0:
                +
0003df ea80     +LDI R24 , LOW ( 0xFA0 )
0003e0 e09f     +LDI R25 , HIGH ( 0xFA0 )
                +__DELAY_USW_LOOP :
0003e1 9701     +SBIW R24 , 1
0003e2 f7f1     +BRNE __DELAY_USW_LOOP
                 	__DELAY_USW 0xFA0
0003e3 95a8      	wdr
0003e4 9731      	sbiw r30,1
0003e5 f7c9      	brne __delay_ms0
                 __delay_ms1:
0003e6 9508      	ret
                 
                 __ADDW2R15:
0003e7 2400      	CLR  R0
0003e8 0daf      	ADD  R26,R15
0003e9 1db0      	ADC  R27,R0
0003ea 9508      	RET
                 
                 __ADDD12:
0003eb 0fea      	ADD  R30,R26
0003ec 1ffb      	ADC  R31,R27
0003ed 1f68      	ADC  R22,R24
0003ee 1f79      	ADC  R23,R25
0003ef 9508      	RET
                 
                 __ANEGW1:
0003f0 95f1      	NEG  R31
0003f1 95e1      	NEG  R30
0003f2 40f0      	SBCI R31,0
0003f3 9508      	RET
                 
                 __ANEGD1:
0003f4 95f0      	COM  R31
0003f5 9560      	COM  R22
0003f6 9570      	COM  R23
0003f7 95e1      	NEG  R30
0003f8 4fff      	SBCI R31,-1
0003f9 4f6f      	SBCI R22,-1
0003fa 4f7f      	SBCI R23,-1
0003fb 9508      	RET
                 
                 __MULD12U:
0003fc 9f7a      	MUL  R23,R26
0003fd 2d70      	MOV  R23,R0
0003fe 9f6b      	MUL  R22,R27
0003ff 0d70      	ADD  R23,R0
000400 9ff8      	MUL  R31,R24
000401 0d70      	ADD  R23,R0
000402 9fe9      	MUL  R30,R25
000403 0d70      	ADD  R23,R0
000404 9f6a      	MUL  R22,R26
000405 2d60      	MOV  R22,R0
000406 0d71      	ADD  R23,R1
000407 9ffb      	MUL  R31,R27
000408 0d60      	ADD  R22,R0
000409 1d71      	ADC  R23,R1
00040a 9fe8      	MUL  R30,R24
00040b 0d60      	ADD  R22,R0
00040c 1d71      	ADC  R23,R1
00040d 2788      	CLR  R24
00040e 9ffa      	MUL  R31,R26
00040f 2df0      	MOV  R31,R0
000410 0d61      	ADD  R22,R1
000411 1f78      	ADC  R23,R24
000412 9feb      	MUL  R30,R27
000413 0df0      	ADD  R31,R0
000414 1d61      	ADC  R22,R1
000415 1f78      	ADC  R23,R24
000416 9fea      	MUL  R30,R26
000417 2de0      	MOV  R30,R0
000418 0df1      	ADD  R31,R1
000419 1f68      	ADC  R22,R24
00041a 1f78      	ADC  R23,R24
00041b 9508      	RET
                 
                 __MULD12:
00041c d02e      	RCALL __CHKSIGND
00041d dfde      	RCALL __MULD12U
00041e f40e      	BRTC __MULD121
00041f dfd4      	RCALL __ANEGD1
                 __MULD121:
000420 9508      	RET
                 
                 __DIVD21U:
000421 933f      	PUSH R19
000422 934f      	PUSH R20
000423 935f      	PUSH R21
000424 2400      	CLR  R0
000425 2411      	CLR  R1
000426 2744      	CLR  R20
000427 2755      	CLR  R21
000428 e230      	LDI  R19,32
                 __DIVD21U1:
000429 0faa      	LSL  R26
00042a 1fbb      	ROL  R27
00042b 1f88      	ROL  R24
00042c 1f99      	ROL  R25
00042d 1c00      	ROL  R0
00042e 1c11      	ROL  R1
00042f 1f44      	ROL  R20
000430 1f55      	ROL  R21
000431 1a0e      	SUB  R0,R30
000432 0a1f      	SBC  R1,R31
000433 0b46      	SBC  R20,R22
000434 0b57      	SBC  R21,R23
000435 f428      	BRCC __DIVD21U2
000436 0e0e      	ADD  R0,R30
000437 1e1f      	ADC  R1,R31
000438 1f46      	ADC  R20,R22
000439 1f57      	ADC  R21,R23
00043a c001      	RJMP __DIVD21U3
                 __DIVD21U2:
00043b 60a1      	SBR  R26,1
                 __DIVD21U3:
00043c 953a      	DEC  R19
00043d f759      	BRNE __DIVD21U1
00043e 01fd      	MOVW R30,R26
00043f 01bc      	MOVW R22,R24
000440 01d0      	MOVW R26,R0
000441 01ca      	MOVW R24,R20
000442 915f      	POP  R21
000443 914f      	POP  R20
000444 913f      	POP  R19
000445 9508      	RET
                 
                 __DIVD21:
000446 d004      	RCALL __CHKSIGND
000447 dfd9      	RCALL __DIVD21U
000448 f40e      	BRTC __DIVD211
000449 dfaa      	RCALL __ANEGD1
                 __DIVD211:
00044a 9508      	RET
                 
                 __CHKSIGND:
00044b 94e8      	CLT
00044c ff77      	SBRS R23,7
00044d c002      	RJMP __CHKSD1
00044e dfa5      	RCALL __ANEGD1
00044f 9468      	SET
                 __CHKSD1:
000450 ff97      	SBRS R25,7
000451 c00b      	RJMP __CHKSD2
000452 2400      	CLR  R0
000453 95a0      	COM  R26
000454 95b0      	COM  R27
000455 9580      	COM  R24
000456 9590      	COM  R25
000457 9611      	ADIW R26,1
000458 1d80      	ADC  R24,R0
000459 1d90      	ADC  R25,R0
00045a f800      	BLD  R0,0
00045b 9403      	INC  R0
00045c fa00      	BST  R0,0
                 __CHKSD2:
00045d 9508      	RET
                 
                 __GETW1P:
00045e 91ed      	LD   R30,X+
00045f 91fc      	LD   R31,X
000460 9711      	SBIW R26,1
000461 9508      	RET
                 
                 __GETW1PF:
000462 9005      	LPM  R0,Z+
000463 91f4      	LPM  R31,Z
000464 2de0      	MOV  R30,R0
000465 9508      	RET
                 
                 __PUTPARD1:
000466 937a      	ST   -Y,R23
000467 936a      	ST   -Y,R22
000468 93fa      	ST   -Y,R31
000469 93ea      	ST   -Y,R30
00046a 9508      	RET
                 
                 __SAVELOCR6:
00046b 935a      	ST   -Y,R21
                 __SAVELOCR5:
00046c 934a      	ST   -Y,R20
                 __SAVELOCR4:
00046d 933a      	ST   -Y,R19
                 __SAVELOCR3:
00046e 932a      	ST   -Y,R18
                 __SAVELOCR2:
00046f 931a      	ST   -Y,R17
000470 930a      	ST   -Y,R16
000471 9508      	RET
                 
                 __LOADLOCR6:
000472 815d      	LDD  R21,Y+5
                 __LOADLOCR5:
000473 814c      	LDD  R20,Y+4
                 __LOADLOCR4:
000474 813b      	LDD  R19,Y+3
                 __LOADLOCR3:
000475 812a      	LDD  R18,Y+2
                 __LOADLOCR2:
000476 8119      	LDD  R17,Y+1
000477 8108      	LD   R16,Y
000478 9508      	RET
                 
                 ;END OF CODE MARKER
                 __END_OF_CODE:


RESOURCE USE INFORMATION
------------------------

Notice:
The register and instruction counts are symbol table hit counts,
and hence implicitly used resources are not counted, eg, the
'lpm' instruction without operands implicitly uses r0 and z,
none of which are counted.

x,y,z are separate entities in the symbol table and are
counted separately from r26..r31 here.

.dseg memory usage only counts static data declared with .byte

ATmega8535 register use summary:
r0 :  34 r1 :  13 r2 :   3 r3 :   0 r4 :   4 r5 :   1 r6 :   4 r7 :   4 
r8 :   0 r9 :   2 r10:   0 r11:   0 r12:   0 r13:   0 r14:   0 r15:   6 
r16:  32 r17:  22 r18:  29 r19:  12 r20:  16 r21:  23 r22:  28 r23:  27 
r24:  42 r25:  18 r26:  69 r27:  32 r28:  14 r29:   1 r30: 256 r31:  83 
x  :  19 y  : 157 z  :  15 
Registers used: 28 out of 35 (80.0%)

ATmega8535 instruction use summary:
.lds  :   0 .lds.l:   0 .sts  :   0 .sts.l:   0 adc   :  16 add   :  14 
adiw  :  23 and   :   0 andi  :   8 asr   :   0 bclr  :   0 bld   :   3 
brbc  :   0 brbs  :   0 brcc  :   1 brcs  :   0 break :   0 breq  :  22 
brge  :   0 brhc  :   0 brhs  :   0 brid  :   0 brie  :   0 brlo  :   8 
brlt  :   0 brmi  :   1 brne  :  30 brpl  :   1 brsh  :   2 brtc  :   2 
brts  :   0 brvc  :   0 brvs  :   0 bset  :   0 bst   :   1 cbi   :   9 
cbr   :   0 clc   :   0 clh   :   0 cli   :   1 cln   :   0 clr   :  19 
cls   :   0 clt   :   2 clv   :   0 clz   :   0 com   :   7 cp    :   4 
cpc   :   2 cpi   :  33 cpse  :   0 dec   :   5 des   :   0 eor   :   0 
fmul  :   0 fmuls :   0 fmulsu:   0 icall :   2 ijmp  :   0 in    :   5 
inc   :   3 ld    :  43 ldd   :  61 ldi   : 123 lds   :   8 lpm   :  14 
lsl   :   1 lsr   :   0 mov   :  18 movw  :  21 mul   :  11 muls  :   0 
mulsu :   0 neg   :   3 nop   :   0 or    :   0 ori   :   7 out   :  48 
pop   :   8 push  :   8 rcall : 134 ret   :  38 reti  :   2 rjmp  :  98 
rol   :   7 ror   :   0 sbc   :   4 sbci  :   5 sbi   :  13 sbic  :   0 
sbis  :   0 sbiw  :  20 sbr   :   1 sbrc  :   2 sbrs  :  13 sec   :   0 
seh   :   0 sei   :   1 sen   :   0 ser   :   0 ses   :   0 set   :   2 
sev   :   0 sez   :   0 sleep :   0 spm   :   0 st    :  56 std   :  19 
sts   :  18 sub   :   2 subi  :  16 swap  :   1 tst   :   4 wdr   :   1 

Instructions used: 62 out of 114 (54.4%)

ATmega8535 memory use summary [bytes]:
Segment   Begin    End      Code   Data   Used    Size   Use%
---------------------------------------------------------------
[.cseg] 0x000000 0x0008f2   2158    132   2290    8192  28.0%
[.dseg] 0x000060 0x000151      0    113    113     607  18.6%
[.eseg] 0x000000 0x000000      0      0      0     512   0.0%

Assembly complete, 0 errors, 5 warnings
